   0  $accept : Program $end

   1  Program : ClassList

   2  ClassList : ClassList ClassDef
   3            | ClassDef

   4  VariableDef : Variable ';'

   5  Variable : Type IDENTIFIER

   6  Type : INT
   7       | VOID
   8       | BOOL
   9       | STRING
  10       | CLASS IDENTIFIER
  11       | Type '[' ']'

  12  ClassDef : SealedClause CLASS IDENTIFIER ExtendsClause '{' FieldList '}'
  13           | CLASS IDENTIFIER ExtendsClause '{' FieldList '}'

  14  SealedClause : SEALED

  15  ExtendsClause : EXTENDS IDENTIFIER
  16                |

  17  FieldList : FieldList VariableDef
  18            | FieldList FunctionDef
  19            |

  20  Formals : VariableList
  21          |

  22  VariableList : VariableList ',' Variable
  23               | Variable

  24  FunctionDef : STATIC Type IDENTIFIER '(' Formals ')' StmtBlock
  25              | Type IDENTIFIER '(' Formals ')' StmtBlock

  26  StmtBlock : '{' StmtList '}'

  27  StmtList : StmtList Stmt
  28           |

  29  OCStmt : SCOPY '(' IDENTIFIER ',' Expr ')'

  30  Stmt : ForeachStmt
  31       | OCStmt
  32       | VariableDef
  33       | SimpleStmt ';'
  34       | IfStmt
  35       | WhileStmt
  36       | ForStmt
  37       | ReturnStmt ';'
  38       | PrintStmt ';'
  39       | BreakStmt ';'
  40       | StmtBlock
  41       | GuardedStmt

  42  SimpleStmt : LValue '=' Expr
  43             | Call
  44             |

  45  Receiver : Expr '.'
  46           |

  47  LValue : Receiver IDENTIFIER
  48         | Expr '[' Expr ']'
  49         | VAR IDENTIFIER

  50  Call : Receiver IDENTIFIER '(' Actuals ')'

  51  Expr : LValue
  52       | Call
  53       | Constant
  54       | '[' Expr FOR IDENTIFIER IN Expr ']'
  55       | '[' Expr FOR IDENTIFIER IN Expr IF Expr ']'
  56       | Expr '[' Expr ']' DEFAULT Expr
  57       | Expr '[' Expr ':' Expr ']'
  58       | Expr ARRAY_CONCAT Expr
  59       | Expr '+' Expr
  60       | Expr '-' Expr
  61       | Expr '*' Expr
  62       | Expr '/' Expr
  63       | Expr '%' Expr
  64       | Expr ARRAY_REPEAT Expr
  65       | Expr EQUAL Expr
  66       | Expr NOT_EQUAL Expr
  67       | Expr '<' Expr
  68       | Expr '>' Expr
  69       | Expr LESS_EQUAL Expr
  70       | Expr GREATER_EQUAL Expr
  71       | Expr AND Expr
  72       | Expr OR Expr
  73       | '(' Expr ')'
  74       | '-' Expr
  75       | '!' Expr
  76       | READ_INTEGER '(' ')'
  77       | READ_LINE '(' ')'
  78       | THIS
  79       | NEW IDENTIFIER '(' ')'
  80       | NEW Type '[' Expr ']'
  81       | INSTANCEOF '(' Expr ',' IDENTIFIER ')'
  82       | '(' CLASS IDENTIFIER ')' Expr

  83  Constant : LITERAL
  84           | ArrayConstant
  85           | NULL

  86  ConstantList : ConstantList ',' Constant
  87               | Constant

  88  ArrayConstant : '[' ConstantList ']'
  89                | '[' ']'

  90  GuardedStmt : IF '{' IfBranch IfSubStmt '}'
  91              | IF '{' '}'

  92  IfBranch : IfBranch IfSubStmt GUARD
  93           |

  94  IfSubStmt : Expr ':' Stmt

  95  ForeachStmt : FOREACH '(' BoundVariable IN Expr ')' Stmt
  96              | FOREACH '(' BoundVariable IN Expr WHILE Expr ')' Stmt

  97  BoundVariable : VARTYPE IDENTIFIER
  98                | Type IDENTIFIER

  99  VARTYPE : VAR

 100  Actuals : ExprList
 101          |

 102  ExprList : ExprList ',' Expr
 103           | Expr

 104  WhileStmt : WHILE '(' Expr ')' Stmt

 105  ForStmt : FOR '(' SimpleStmt ';' Expr ';' SimpleStmt ')' Stmt

 106  BreakStmt : BREAK

 107  IfStmt : IF '(' Expr ')' Stmt ElseClause

 108  ElseClause : ELSE Stmt
 109             |

 110  ReturnStmt : RETURN Expr
 111             | RETURN

 112  PrintStmt : PRINT '(' ExprList ')'

state 0
	$accept : . Program $end  (0)

	CLASS  shift 1
	SEALED  shift 2
	.  error

	Program  goto 3
	ClassList  goto 4
	ClassDef  goto 5
	SealedClause  goto 6


state 1
	ClassDef : CLASS . IDENTIFIER ExtendsClause '{' FieldList '}'  (13)

	IDENTIFIER  shift 7
	.  error


state 2
	SealedClause : SEALED .  (14)

	.  reduce 14


state 3
	$accept : Program . $end  (0)

	$end  accept


state 4
	Program : ClassList .  (1)
	ClassList : ClassList . ClassDef  (2)

	CLASS  shift 1
	SEALED  shift 2
	$end  reduce 1

	ClassDef  goto 8
	SealedClause  goto 6


state 5
	ClassList : ClassDef .  (3)

	.  reduce 3


state 6
	ClassDef : SealedClause . CLASS IDENTIFIER ExtendsClause '{' FieldList '}'  (12)

	CLASS  shift 9
	.  error


state 7
	ClassDef : CLASS IDENTIFIER . ExtendsClause '{' FieldList '}'  (13)
	ExtendsClause : .  (16)

	EXTENDS  shift 10
	'{'  reduce 16

	ExtendsClause  goto 11


state 8
	ClassList : ClassList ClassDef .  (2)

	.  reduce 2


state 9
	ClassDef : SealedClause CLASS . IDENTIFIER ExtendsClause '{' FieldList '}'  (12)

	IDENTIFIER  shift 12
	.  error


state 10
	ExtendsClause : EXTENDS . IDENTIFIER  (15)

	IDENTIFIER  shift 13
	.  error


state 11
	ClassDef : CLASS IDENTIFIER ExtendsClause . '{' FieldList '}'  (13)

	'{'  shift 14
	.  error


state 12
	ClassDef : SealedClause CLASS IDENTIFIER . ExtendsClause '{' FieldList '}'  (12)
	ExtendsClause : .  (16)

	EXTENDS  shift 10
	'{'  reduce 16

	ExtendsClause  goto 15


state 13
	ExtendsClause : EXTENDS IDENTIFIER .  (15)

	.  reduce 15


state 14
	ClassDef : CLASS IDENTIFIER ExtendsClause '{' . FieldList '}'  (13)
	FieldList : .  (19)

	.  reduce 19

	FieldList  goto 16


state 15
	ClassDef : SealedClause CLASS IDENTIFIER ExtendsClause . '{' FieldList '}'  (12)

	'{'  shift 17
	.  error


state 16
	ClassDef : CLASS IDENTIFIER ExtendsClause '{' FieldList . '}'  (13)
	FieldList : FieldList . VariableDef  (17)
	FieldList : FieldList . FunctionDef  (18)

	VOID  shift 18
	BOOL  shift 19
	INT  shift 20
	STRING  shift 21
	CLASS  shift 22
	STATIC  shift 23
	'}'  shift 24
	.  error

	VariableDef  goto 25
	Variable  goto 26
	Type  goto 27
	FunctionDef  goto 28


state 17
	ClassDef : SealedClause CLASS IDENTIFIER ExtendsClause '{' . FieldList '}'  (12)
	FieldList : .  (19)

	.  reduce 19

	FieldList  goto 29


state 18
	Type : VOID .  (7)

	.  reduce 7


state 19
	Type : BOOL .  (8)

	.  reduce 8


state 20
	Type : INT .  (6)

	.  reduce 6


state 21
	Type : STRING .  (9)

	.  reduce 9


state 22
	Type : CLASS . IDENTIFIER  (10)

	IDENTIFIER  shift 30
	.  error


state 23
	FunctionDef : STATIC . Type IDENTIFIER '(' Formals ')' StmtBlock  (24)

	VOID  shift 18
	BOOL  shift 19
	INT  shift 20
	STRING  shift 21
	CLASS  shift 22
	.  error

	Type  goto 31


state 24
	ClassDef : CLASS IDENTIFIER ExtendsClause '{' FieldList '}' .  (13)

	.  reduce 13


state 25
	FieldList : FieldList VariableDef .  (17)

	.  reduce 17


state 26
	VariableDef : Variable . ';'  (4)

	';'  shift 32
	.  error


state 27
	Variable : Type . IDENTIFIER  (5)
	Type : Type . '[' ']'  (11)
	FunctionDef : Type . IDENTIFIER '(' Formals ')' StmtBlock  (25)

	IDENTIFIER  shift 33
	'['  shift 34
	.  error


state 28
	FieldList : FieldList FunctionDef .  (18)

	.  reduce 18


state 29
	ClassDef : SealedClause CLASS IDENTIFIER ExtendsClause '{' FieldList . '}'  (12)
	FieldList : FieldList . VariableDef  (17)
	FieldList : FieldList . FunctionDef  (18)

	VOID  shift 18
	BOOL  shift 19
	INT  shift 20
	STRING  shift 21
	CLASS  shift 22
	STATIC  shift 23
	'}'  shift 35
	.  error

	VariableDef  goto 25
	Variable  goto 26
	Type  goto 27
	FunctionDef  goto 28


state 30
	Type : CLASS IDENTIFIER .  (10)

	.  reduce 10


state 31
	Type : Type . '[' ']'  (11)
	FunctionDef : STATIC Type . IDENTIFIER '(' Formals ')' StmtBlock  (24)

	IDENTIFIER  shift 36
	'['  shift 34
	.  error


state 32
	VariableDef : Variable ';' .  (4)

	.  reduce 4


state 33
	Variable : Type IDENTIFIER .  (5)
	FunctionDef : Type IDENTIFIER . '(' Formals ')' StmtBlock  (25)

	'('  shift 37
	';'  reduce 5


state 34
	Type : Type '[' . ']'  (11)

	']'  shift 38
	.  error


state 35
	ClassDef : SealedClause CLASS IDENTIFIER ExtendsClause '{' FieldList '}' .  (12)

	.  reduce 12


state 36
	FunctionDef : STATIC Type IDENTIFIER . '(' Formals ')' StmtBlock  (24)

	'('  shift 39
	.  error


state 37
	FunctionDef : Type IDENTIFIER '(' . Formals ')' StmtBlock  (25)
	Formals : .  (21)

	VOID  shift 18
	BOOL  shift 19
	INT  shift 20
	STRING  shift 21
	CLASS  shift 22
	')'  reduce 21

	Variable  goto 40
	Type  goto 41
	Formals  goto 42
	VariableList  goto 43


state 38
	Type : Type '[' ']' .  (11)

	.  reduce 11


state 39
	FunctionDef : STATIC Type IDENTIFIER '(' . Formals ')' StmtBlock  (24)
	Formals : .  (21)

	VOID  shift 18
	BOOL  shift 19
	INT  shift 20
	STRING  shift 21
	CLASS  shift 22
	')'  reduce 21

	Variable  goto 40
	Type  goto 41
	Formals  goto 44
	VariableList  goto 43


state 40
	VariableList : Variable .  (23)

	.  reduce 23


state 41
	Variable : Type . IDENTIFIER  (5)
	Type : Type . '[' ']'  (11)

	IDENTIFIER  shift 45
	'['  shift 34
	.  error


state 42
	FunctionDef : Type IDENTIFIER '(' Formals . ')' StmtBlock  (25)

	')'  shift 46
	.  error


state 43
	Formals : VariableList .  (20)
	VariableList : VariableList . ',' Variable  (22)

	','  shift 47
	')'  reduce 20


state 44
	FunctionDef : STATIC Type IDENTIFIER '(' Formals . ')' StmtBlock  (24)

	')'  shift 48
	.  error


state 45
	Variable : Type IDENTIFIER .  (5)

	.  reduce 5


state 46
	FunctionDef : Type IDENTIFIER '(' Formals ')' . StmtBlock  (25)

	'{'  shift 49
	.  error

	StmtBlock  goto 50


state 47
	VariableList : VariableList ',' . Variable  (22)

	VOID  shift 18
	BOOL  shift 19
	INT  shift 20
	STRING  shift 21
	CLASS  shift 22
	.  error

	Variable  goto 51
	Type  goto 41


state 48
	FunctionDef : STATIC Type IDENTIFIER '(' Formals ')' . StmtBlock  (24)

	'{'  shift 49
	.  error

	StmtBlock  goto 52


state 49
	StmtBlock : '{' . StmtList '}'  (26)
	StmtList : .  (28)

	.  reduce 28

	StmtList  goto 53


state 50
	FunctionDef : Type IDENTIFIER '(' Formals ')' StmtBlock .  (25)

	.  reduce 25


state 51
	VariableList : VariableList ',' Variable .  (22)

	.  reduce 22


state 52
	FunctionDef : STATIC Type IDENTIFIER '(' Formals ')' StmtBlock .  (24)

	.  reduce 24


state 53
	StmtBlock : '{' StmtList . '}'  (26)
	StmtList : StmtList . Stmt  (27)
	SimpleStmt : .  (44)
	Receiver : .  (46)

	VOID  shift 18
	BOOL  shift 19
	INT  shift 20
	STRING  shift 21
	CLASS  shift 22
	NULL  shift 54
	THIS  shift 55
	WHILE  shift 56
	FOR  shift 57
	IF  shift 58
	RETURN  shift 59
	BREAK  shift 60
	NEW  shift 61
	PRINT  shift 62
	READ_INTEGER  shift 63
	READ_LINE  shift 64
	LITERAL  shift 65
	INSTANCEOF  shift 66
	SCOPY  shift 67
	VAR  shift 68
	FOREACH  shift 69
	'-'  shift 70
	'!'  shift 71
	'('  shift 72
	'['  shift 73
	'{'  shift 49
	'}'  shift 74
	IDENTIFIER  reduce 46
	';'  reduce 44

	VariableDef  goto 75
	Variable  goto 26
	Type  goto 41
	StmtBlock  goto 76
	Stmt  goto 77
	OCStmt  goto 78
	Expr  goto 79
	ForeachStmt  goto 80
	SimpleStmt  goto 81
	IfStmt  goto 82
	WhileStmt  goto 83
	ForStmt  goto 84
	ReturnStmt  goto 85
	PrintStmt  goto 86
	BreakStmt  goto 87
	GuardedStmt  goto 88
	LValue  goto 89
	Call  goto 90
	Receiver  goto 91
	Constant  goto 92
	ArrayConstant  goto 93


state 54
	Constant : NULL .  (85)

	.  reduce 85


state 55
	Expr : THIS .  (78)

	.  reduce 78


state 56
	WhileStmt : WHILE . '(' Expr ')' Stmt  (104)

	'('  shift 94
	.  error


state 57
	ForStmt : FOR . '(' SimpleStmt ';' Expr ';' SimpleStmt ')' Stmt  (105)

	'('  shift 95
	.  error


state 58
	GuardedStmt : IF . '{' IfBranch IfSubStmt '}'  (90)
	GuardedStmt : IF . '{' '}'  (91)
	IfStmt : IF . '(' Expr ')' Stmt ElseClause  (107)

	'('  shift 96
	'{'  shift 97
	.  error


state 59
	ReturnStmt : RETURN . Expr  (110)
	ReturnStmt : RETURN .  (111)
	Receiver : .  (46)

	NULL  shift 54
	THIS  shift 55
	NEW  shift 61
	READ_INTEGER  shift 63
	READ_LINE  shift 64
	LITERAL  shift 65
	INSTANCEOF  shift 66
	VAR  shift 68
	'-'  shift 70
	'!'  shift 71
	'('  shift 72
	'['  shift 73
	IDENTIFIER  reduce 46
	';'  reduce 111

	Expr  goto 98
	LValue  goto 99
	Call  goto 100
	Receiver  goto 91
	Constant  goto 92
	ArrayConstant  goto 93


state 60
	BreakStmt : BREAK .  (106)

	.  reduce 106


state 61
	Expr : NEW . IDENTIFIER '(' ')'  (79)
	Expr : NEW . Type '[' Expr ']'  (80)

	VOID  shift 18
	BOOL  shift 19
	INT  shift 20
	STRING  shift 21
	CLASS  shift 22
	IDENTIFIER  shift 101
	.  error

	Type  goto 102


state 62
	PrintStmt : PRINT . '(' ExprList ')'  (112)

	'('  shift 103
	.  error


state 63
	Expr : READ_INTEGER . '(' ')'  (76)

	'('  shift 104
	.  error


state 64
	Expr : READ_LINE . '(' ')'  (77)

	'('  shift 105
	.  error


state 65
	Constant : LITERAL .  (83)

	.  reduce 83


state 66
	Expr : INSTANCEOF . '(' Expr ',' IDENTIFIER ')'  (81)

	'('  shift 106
	.  error


state 67
	OCStmt : SCOPY . '(' IDENTIFIER ',' Expr ')'  (29)

	'('  shift 107
	.  error


state 68
	LValue : VAR . IDENTIFIER  (49)

	IDENTIFIER  shift 108
	.  error


state 69
	ForeachStmt : FOREACH . '(' BoundVariable IN Expr ')' Stmt  (95)
	ForeachStmt : FOREACH . '(' BoundVariable IN Expr WHILE Expr ')' Stmt  (96)

	'('  shift 109
	.  error


state 70
	Expr : '-' . Expr  (74)
	Receiver : .  (46)

	NULL  shift 54
	THIS  shift 55
	NEW  shift 61
	READ_INTEGER  shift 63
	READ_LINE  shift 64
	LITERAL  shift 65
	INSTANCEOF  shift 66
	VAR  shift 68
	'-'  shift 70
	'!'  shift 71
	'('  shift 72
	'['  shift 73
	IDENTIFIER  reduce 46

	Expr  goto 110
	LValue  goto 99
	Call  goto 100
	Receiver  goto 91
	Constant  goto 92
	ArrayConstant  goto 93


state 71
	Expr : '!' . Expr  (75)
	Receiver : .  (46)

	NULL  shift 54
	THIS  shift 55
	NEW  shift 61
	READ_INTEGER  shift 63
	READ_LINE  shift 64
	LITERAL  shift 65
	INSTANCEOF  shift 66
	VAR  shift 68
	'-'  shift 70
	'!'  shift 71
	'('  shift 72
	'['  shift 73
	IDENTIFIER  reduce 46

	Expr  goto 111
	LValue  goto 99
	Call  goto 100
	Receiver  goto 91
	Constant  goto 92
	ArrayConstant  goto 93


state 72
	Expr : '(' . Expr ')'  (73)
	Expr : '(' . CLASS IDENTIFIER ')' Expr  (82)
	Receiver : .  (46)

	CLASS  shift 112
	NULL  shift 54
	THIS  shift 55
	NEW  shift 61
	READ_INTEGER  shift 63
	READ_LINE  shift 64
	LITERAL  shift 65
	INSTANCEOF  shift 66
	VAR  shift 68
	'-'  shift 70
	'!'  shift 71
	'('  shift 72
	'['  shift 73
	IDENTIFIER  reduce 46

	Expr  goto 113
	LValue  goto 99
	Call  goto 100
	Receiver  goto 91
	Constant  goto 92
	ArrayConstant  goto 93


state 73
	Expr : '[' . Expr FOR IDENTIFIER IN Expr ']'  (54)
	Expr : '[' . Expr FOR IDENTIFIER IN Expr IF Expr ']'  (55)
	ArrayConstant : '[' . ConstantList ']'  (88)
	ArrayConstant : '[' . ']'  (89)
	Receiver : .  (46)

	NULL  shift 54
	THIS  shift 55
	NEW  shift 61
	READ_INTEGER  shift 63
	READ_LINE  shift 64
	LITERAL  shift 65
	INSTANCEOF  shift 66
	VAR  shift 68
	'-'  shift 70
	'!'  shift 71
	'('  shift 72
	'['  shift 73
	']'  shift 114
	IDENTIFIER  reduce 46

	Expr  goto 115
	LValue  goto 99
	Call  goto 100
	Receiver  goto 91
	Constant  goto 116
	ArrayConstant  goto 93
	ConstantList  goto 117


state 74
	StmtBlock : '{' StmtList '}' .  (26)

	.  reduce 26


state 75
	Stmt : VariableDef .  (32)

	.  reduce 32


state 76
	Stmt : StmtBlock .  (40)

	.  reduce 40


state 77
	StmtList : StmtList Stmt .  (27)

	.  reduce 27


state 78
	Stmt : OCStmt .  (31)

	.  reduce 31


state 79
	Receiver : Expr . '.'  (45)
	LValue : Expr . '[' Expr ']'  (48)
	Expr : Expr . '[' Expr ']' DEFAULT Expr  (56)
	Expr : Expr . '[' Expr ':' Expr ']'  (57)
	Expr : Expr . ARRAY_CONCAT Expr  (58)
	Expr : Expr . '+' Expr  (59)
	Expr : Expr . '-' Expr  (60)
	Expr : Expr . '*' Expr  (61)
	Expr : Expr . '/' Expr  (62)
	Expr : Expr . '%' Expr  (63)
	Expr : Expr . ARRAY_REPEAT Expr  (64)
	Expr : Expr . EQUAL Expr  (65)
	Expr : Expr . NOT_EQUAL Expr  (66)
	Expr : Expr . '<' Expr  (67)
	Expr : Expr . '>' Expr  (68)
	Expr : Expr . LESS_EQUAL Expr  (69)
	Expr : Expr . GREATER_EQUAL Expr  (70)
	Expr : Expr . AND Expr  (71)
	Expr : Expr . OR Expr  (72)

	AND  shift 118
	OR  shift 119
	ARRAY_CONCAT  shift 120
	ARRAY_REPEAT  shift 121
	LESS_EQUAL  shift 122
	GREATER_EQUAL  shift 123
	EQUAL  shift 124
	NOT_EQUAL  shift 125
	'+'  shift 126
	'-'  shift 127
	'*'  shift 128
	'/'  shift 129
	'%'  shift 130
	'>'  shift 131
	'<'  shift 132
	'.'  shift 133
	'['  shift 134
	.  error


state 80
	Stmt : ForeachStmt .  (30)

	.  reduce 30


state 81
	Stmt : SimpleStmt . ';'  (33)

	';'  shift 135
	.  error


state 82
	Stmt : IfStmt .  (34)

	.  reduce 34


state 83
	Stmt : WhileStmt .  (35)

	.  reduce 35


state 84
	Stmt : ForStmt .  (36)

	.  reduce 36


state 85
	Stmt : ReturnStmt . ';'  (37)

	';'  shift 136
	.  error


state 86
	Stmt : PrintStmt . ';'  (38)

	';'  shift 137
	.  error


state 87
	Stmt : BreakStmt . ';'  (39)

	';'  shift 138
	.  error


state 88
	Stmt : GuardedStmt .  (41)

	.  reduce 41


state 89
	SimpleStmt : LValue . '=' Expr  (42)
	Expr : LValue .  (51)

	'='  shift 139
	AND  reduce 51
	OR  reduce 51
	ARRAY_CONCAT  reduce 51
	ARRAY_REPEAT  reduce 51
	LESS_EQUAL  reduce 51
	GREATER_EQUAL  reduce 51
	EQUAL  reduce 51
	NOT_EQUAL  reduce 51
	'+'  reduce 51
	'-'  reduce 51
	'*'  reduce 51
	'/'  reduce 51
	'%'  reduce 51
	'>'  reduce 51
	'<'  reduce 51
	'.'  reduce 51
	'['  reduce 51


state 90
	SimpleStmt : Call .  (43)
	Expr : Call .  (52)

	AND  reduce 52
	OR  reduce 52
	ARRAY_CONCAT  reduce 52
	ARRAY_REPEAT  reduce 52
	LESS_EQUAL  reduce 52
	GREATER_EQUAL  reduce 52
	EQUAL  reduce 52
	NOT_EQUAL  reduce 52
	'+'  reduce 52
	'-'  reduce 52
	'*'  reduce 52
	'/'  reduce 52
	'%'  reduce 52
	'>'  reduce 52
	'<'  reduce 52
	'.'  reduce 52
	';'  reduce 43
	')'  reduce 43
	'['  reduce 52


state 91
	LValue : Receiver . IDENTIFIER  (47)
	Call : Receiver . IDENTIFIER '(' Actuals ')'  (50)

	IDENTIFIER  shift 140
	.  error


state 92
	Expr : Constant .  (53)

	.  reduce 53


state 93
	Constant : ArrayConstant .  (84)

	.  reduce 84


state 94
	WhileStmt : WHILE '(' . Expr ')' Stmt  (104)
	Receiver : .  (46)

	NULL  shift 54
	THIS  shift 55
	NEW  shift 61
	READ_INTEGER  shift 63
	READ_LINE  shift 64
	LITERAL  shift 65
	INSTANCEOF  shift 66
	VAR  shift 68
	'-'  shift 70
	'!'  shift 71
	'('  shift 72
	'['  shift 73
	IDENTIFIER  reduce 46

	Expr  goto 141
	LValue  goto 99
	Call  goto 100
	Receiver  goto 91
	Constant  goto 92
	ArrayConstant  goto 93


state 95
	ForStmt : FOR '(' . SimpleStmt ';' Expr ';' SimpleStmt ')' Stmt  (105)
	SimpleStmt : .  (44)
	Receiver : .  (46)

	NULL  shift 54
	THIS  shift 55
	NEW  shift 61
	READ_INTEGER  shift 63
	READ_LINE  shift 64
	LITERAL  shift 65
	INSTANCEOF  shift 66
	VAR  shift 68
	'-'  shift 70
	'!'  shift 71
	'('  shift 72
	'['  shift 73
	IDENTIFIER  reduce 46
	';'  reduce 44

	Expr  goto 79
	SimpleStmt  goto 142
	LValue  goto 89
	Call  goto 90
	Receiver  goto 91
	Constant  goto 92
	ArrayConstant  goto 93


state 96
	IfStmt : IF '(' . Expr ')' Stmt ElseClause  (107)
	Receiver : .  (46)

	NULL  shift 54
	THIS  shift 55
	NEW  shift 61
	READ_INTEGER  shift 63
	READ_LINE  shift 64
	LITERAL  shift 65
	INSTANCEOF  shift 66
	VAR  shift 68
	'-'  shift 70
	'!'  shift 71
	'('  shift 72
	'['  shift 73
	IDENTIFIER  reduce 46

	Expr  goto 143
	LValue  goto 99
	Call  goto 100
	Receiver  goto 91
	Constant  goto 92
	ArrayConstant  goto 93


state 97
	GuardedStmt : IF '{' . IfBranch IfSubStmt '}'  (90)
	GuardedStmt : IF '{' . '}'  (91)
	IfBranch : .  (93)

	'}'  shift 144
	NULL  reduce 93
	THIS  reduce 93
	NEW  reduce 93
	READ_INTEGER  reduce 93
	READ_LINE  reduce 93
	LITERAL  reduce 93
	IDENTIFIER  reduce 93
	INSTANCEOF  reduce 93
	VAR  reduce 93
	'-'  reduce 93
	'!'  reduce 93
	'('  reduce 93
	'['  reduce 93

	IfBranch  goto 145


state 98
	Receiver : Expr . '.'  (45)
	LValue : Expr . '[' Expr ']'  (48)
	Expr : Expr . '[' Expr ']' DEFAULT Expr  (56)
	Expr : Expr . '[' Expr ':' Expr ']'  (57)
	Expr : Expr . ARRAY_CONCAT Expr  (58)
	Expr : Expr . '+' Expr  (59)
	Expr : Expr . '-' Expr  (60)
	Expr : Expr . '*' Expr  (61)
	Expr : Expr . '/' Expr  (62)
	Expr : Expr . '%' Expr  (63)
	Expr : Expr . ARRAY_REPEAT Expr  (64)
	Expr : Expr . EQUAL Expr  (65)
	Expr : Expr . NOT_EQUAL Expr  (66)
	Expr : Expr . '<' Expr  (67)
	Expr : Expr . '>' Expr  (68)
	Expr : Expr . LESS_EQUAL Expr  (69)
	Expr : Expr . GREATER_EQUAL Expr  (70)
	Expr : Expr . AND Expr  (71)
	Expr : Expr . OR Expr  (72)
	ReturnStmt : RETURN Expr .  (110)

	AND  shift 118
	OR  shift 119
	ARRAY_CONCAT  shift 120
	ARRAY_REPEAT  shift 121
	LESS_EQUAL  shift 122
	GREATER_EQUAL  shift 123
	EQUAL  shift 124
	NOT_EQUAL  shift 125
	'+'  shift 126
	'-'  shift 127
	'*'  shift 128
	'/'  shift 129
	'%'  shift 130
	'>'  shift 131
	'<'  shift 132
	'.'  shift 133
	'['  shift 134
	';'  reduce 110


state 99
	Expr : LValue .  (51)

	.  reduce 51


state 100
	Expr : Call .  (52)

	.  reduce 52


state 101
	Expr : NEW IDENTIFIER . '(' ')'  (79)

	'('  shift 146
	.  error


state 102
	Type : Type . '[' ']'  (11)
	Expr : NEW Type . '[' Expr ']'  (80)

	'['  shift 147
	.  error


state 103
	PrintStmt : PRINT '(' . ExprList ')'  (112)
	Receiver : .  (46)

	NULL  shift 54
	THIS  shift 55
	NEW  shift 61
	READ_INTEGER  shift 63
	READ_LINE  shift 64
	LITERAL  shift 65
	INSTANCEOF  shift 66
	VAR  shift 68
	'-'  shift 70
	'!'  shift 71
	'('  shift 72
	'['  shift 73
	IDENTIFIER  reduce 46

	Expr  goto 148
	LValue  goto 99
	Call  goto 100
	Receiver  goto 91
	Constant  goto 92
	ArrayConstant  goto 93
	ExprList  goto 149


state 104
	Expr : READ_INTEGER '(' . ')'  (76)

	')'  shift 150
	.  error


state 105
	Expr : READ_LINE '(' . ')'  (77)

	')'  shift 151
	.  error


state 106
	Expr : INSTANCEOF '(' . Expr ',' IDENTIFIER ')'  (81)
	Receiver : .  (46)

	NULL  shift 54
	THIS  shift 55
	NEW  shift 61
	READ_INTEGER  shift 63
	READ_LINE  shift 64
	LITERAL  shift 65
	INSTANCEOF  shift 66
	VAR  shift 68
	'-'  shift 70
	'!'  shift 71
	'('  shift 72
	'['  shift 73
	IDENTIFIER  reduce 46

	Expr  goto 152
	LValue  goto 99
	Call  goto 100
	Receiver  goto 91
	Constant  goto 92
	ArrayConstant  goto 93


state 107
	OCStmt : SCOPY '(' . IDENTIFIER ',' Expr ')'  (29)

	IDENTIFIER  shift 153
	.  error


state 108
	LValue : VAR IDENTIFIER .  (49)

	.  reduce 49


state 109
	ForeachStmt : FOREACH '(' . BoundVariable IN Expr ')' Stmt  (95)
	ForeachStmt : FOREACH '(' . BoundVariable IN Expr WHILE Expr ')' Stmt  (96)

	VOID  shift 18
	BOOL  shift 19
	INT  shift 20
	STRING  shift 21
	CLASS  shift 22
	VAR  shift 154
	.  error

	Type  goto 155
	BoundVariable  goto 156
	VARTYPE  goto 157


state 110
	Receiver : Expr . '.'  (45)
	LValue : Expr . '[' Expr ']'  (48)
	Expr : Expr . '[' Expr ']' DEFAULT Expr  (56)
	Expr : Expr . '[' Expr ':' Expr ']'  (57)
	Expr : Expr . ARRAY_CONCAT Expr  (58)
	Expr : Expr . '+' Expr  (59)
	Expr : Expr . '-' Expr  (60)
	Expr : Expr . '*' Expr  (61)
	Expr : Expr . '/' Expr  (62)
	Expr : Expr . '%' Expr  (63)
	Expr : Expr . ARRAY_REPEAT Expr  (64)
	Expr : Expr . EQUAL Expr  (65)
	Expr : Expr . NOT_EQUAL Expr  (66)
	Expr : Expr . '<' Expr  (67)
	Expr : Expr . '>' Expr  (68)
	Expr : Expr . LESS_EQUAL Expr  (69)
	Expr : Expr . GREATER_EQUAL Expr  (70)
	Expr : Expr . AND Expr  (71)
	Expr : Expr . OR Expr  (72)
	Expr : '-' Expr .  (74)

	'.'  shift 133
	'['  shift 134
	WHILE  reduce 74
	FOR  reduce 74
	IF  reduce 74
	AND  reduce 74
	OR  reduce 74
	ARRAY_CONCAT  reduce 74
	ARRAY_REPEAT  reduce 74
	LESS_EQUAL  reduce 74
	GREATER_EQUAL  reduce 74
	EQUAL  reduce 74
	NOT_EQUAL  reduce 74
	'+'  reduce 74
	'-'  reduce 74
	'*'  reduce 74
	'/'  reduce 74
	'%'  reduce 74
	'>'  reduce 74
	'<'  reduce 74
	':'  reduce 74
	','  reduce 74
	';'  reduce 74
	')'  reduce 74
	']'  reduce 74


state 111
	Receiver : Expr . '.'  (45)
	LValue : Expr . '[' Expr ']'  (48)
	Expr : Expr . '[' Expr ']' DEFAULT Expr  (56)
	Expr : Expr . '[' Expr ':' Expr ']'  (57)
	Expr : Expr . ARRAY_CONCAT Expr  (58)
	Expr : Expr . '+' Expr  (59)
	Expr : Expr . '-' Expr  (60)
	Expr : Expr . '*' Expr  (61)
	Expr : Expr . '/' Expr  (62)
	Expr : Expr . '%' Expr  (63)
	Expr : Expr . ARRAY_REPEAT Expr  (64)
	Expr : Expr . EQUAL Expr  (65)
	Expr : Expr . NOT_EQUAL Expr  (66)
	Expr : Expr . '<' Expr  (67)
	Expr : Expr . '>' Expr  (68)
	Expr : Expr . LESS_EQUAL Expr  (69)
	Expr : Expr . GREATER_EQUAL Expr  (70)
	Expr : Expr . AND Expr  (71)
	Expr : Expr . OR Expr  (72)
	Expr : '!' Expr .  (75)

	'.'  shift 133
	'['  shift 134
	WHILE  reduce 75
	FOR  reduce 75
	IF  reduce 75
	AND  reduce 75
	OR  reduce 75
	ARRAY_CONCAT  reduce 75
	ARRAY_REPEAT  reduce 75
	LESS_EQUAL  reduce 75
	GREATER_EQUAL  reduce 75
	EQUAL  reduce 75
	NOT_EQUAL  reduce 75
	'+'  reduce 75
	'-'  reduce 75
	'*'  reduce 75
	'/'  reduce 75
	'%'  reduce 75
	'>'  reduce 75
	'<'  reduce 75
	':'  reduce 75
	','  reduce 75
	';'  reduce 75
	')'  reduce 75
	']'  reduce 75


state 112
	Expr : '(' CLASS . IDENTIFIER ')' Expr  (82)

	IDENTIFIER  shift 158
	.  error


state 113
	Receiver : Expr . '.'  (45)
	LValue : Expr . '[' Expr ']'  (48)
	Expr : Expr . '[' Expr ']' DEFAULT Expr  (56)
	Expr : Expr . '[' Expr ':' Expr ']'  (57)
	Expr : Expr . ARRAY_CONCAT Expr  (58)
	Expr : Expr . '+' Expr  (59)
	Expr : Expr . '-' Expr  (60)
	Expr : Expr . '*' Expr  (61)
	Expr : Expr . '/' Expr  (62)
	Expr : Expr . '%' Expr  (63)
	Expr : Expr . ARRAY_REPEAT Expr  (64)
	Expr : Expr . EQUAL Expr  (65)
	Expr : Expr . NOT_EQUAL Expr  (66)
	Expr : Expr . '<' Expr  (67)
	Expr : Expr . '>' Expr  (68)
	Expr : Expr . LESS_EQUAL Expr  (69)
	Expr : Expr . GREATER_EQUAL Expr  (70)
	Expr : Expr . AND Expr  (71)
	Expr : Expr . OR Expr  (72)
	Expr : '(' Expr . ')'  (73)

	AND  shift 118
	OR  shift 119
	ARRAY_CONCAT  shift 120
	ARRAY_REPEAT  shift 121
	LESS_EQUAL  shift 122
	GREATER_EQUAL  shift 123
	EQUAL  shift 124
	NOT_EQUAL  shift 125
	'+'  shift 126
	'-'  shift 127
	'*'  shift 128
	'/'  shift 129
	'%'  shift 130
	'>'  shift 131
	'<'  shift 132
	'.'  shift 133
	')'  shift 159
	'['  shift 134
	.  error


state 114
	ArrayConstant : '[' ']' .  (89)

	.  reduce 89


state 115
	Receiver : Expr . '.'  (45)
	LValue : Expr . '[' Expr ']'  (48)
	Expr : '[' Expr . FOR IDENTIFIER IN Expr ']'  (54)
	Expr : '[' Expr . FOR IDENTIFIER IN Expr IF Expr ']'  (55)
	Expr : Expr . '[' Expr ']' DEFAULT Expr  (56)
	Expr : Expr . '[' Expr ':' Expr ']'  (57)
	Expr : Expr . ARRAY_CONCAT Expr  (58)
	Expr : Expr . '+' Expr  (59)
	Expr : Expr . '-' Expr  (60)
	Expr : Expr . '*' Expr  (61)
	Expr : Expr . '/' Expr  (62)
	Expr : Expr . '%' Expr  (63)
	Expr : Expr . ARRAY_REPEAT Expr  (64)
	Expr : Expr . EQUAL Expr  (65)
	Expr : Expr . NOT_EQUAL Expr  (66)
	Expr : Expr . '<' Expr  (67)
	Expr : Expr . '>' Expr  (68)
	Expr : Expr . LESS_EQUAL Expr  (69)
	Expr : Expr . GREATER_EQUAL Expr  (70)
	Expr : Expr . AND Expr  (71)
	Expr : Expr . OR Expr  (72)

	FOR  shift 160
	AND  shift 118
	OR  shift 119
	ARRAY_CONCAT  shift 120
	ARRAY_REPEAT  shift 121
	LESS_EQUAL  shift 122
	GREATER_EQUAL  shift 123
	EQUAL  shift 124
	NOT_EQUAL  shift 125
	'+'  shift 126
	'-'  shift 127
	'*'  shift 128
	'/'  shift 129
	'%'  shift 130
	'>'  shift 131
	'<'  shift 132
	'.'  shift 133
	'['  shift 134
	.  error


state 116
	Expr : Constant .  (53)
	ConstantList : Constant .  (87)

	FOR  reduce 53
	AND  reduce 53
	OR  reduce 53
	ARRAY_CONCAT  reduce 53
	ARRAY_REPEAT  reduce 53
	LESS_EQUAL  reduce 53
	GREATER_EQUAL  reduce 53
	EQUAL  reduce 53
	NOT_EQUAL  reduce 53
	'+'  reduce 53
	'-'  reduce 53
	'*'  reduce 53
	'/'  reduce 53
	'%'  reduce 53
	'>'  reduce 53
	'<'  reduce 53
	'.'  reduce 53
	','  reduce 87
	'['  reduce 53
	']'  reduce 87


state 117
	ConstantList : ConstantList . ',' Constant  (86)
	ArrayConstant : '[' ConstantList . ']'  (88)

	','  shift 161
	']'  shift 162
	.  error


state 118
	Expr : Expr AND . Expr  (71)
	Receiver : .  (46)

	NULL  shift 54
	THIS  shift 55
	NEW  shift 61
	READ_INTEGER  shift 63
	READ_LINE  shift 64
	LITERAL  shift 65
	INSTANCEOF  shift 66
	VAR  shift 68
	'-'  shift 70
	'!'  shift 71
	'('  shift 72
	'['  shift 73
	IDENTIFIER  reduce 46

	Expr  goto 163
	LValue  goto 99
	Call  goto 100
	Receiver  goto 91
	Constant  goto 92
	ArrayConstant  goto 93


state 119
	Expr : Expr OR . Expr  (72)
	Receiver : .  (46)

	NULL  shift 54
	THIS  shift 55
	NEW  shift 61
	READ_INTEGER  shift 63
	READ_LINE  shift 64
	LITERAL  shift 65
	INSTANCEOF  shift 66
	VAR  shift 68
	'-'  shift 70
	'!'  shift 71
	'('  shift 72
	'['  shift 73
	IDENTIFIER  reduce 46

	Expr  goto 164
	LValue  goto 99
	Call  goto 100
	Receiver  goto 91
	Constant  goto 92
	ArrayConstant  goto 93


state 120
	Expr : Expr ARRAY_CONCAT . Expr  (58)
	Receiver : .  (46)

	NULL  shift 54
	THIS  shift 55
	NEW  shift 61
	READ_INTEGER  shift 63
	READ_LINE  shift 64
	LITERAL  shift 65
	INSTANCEOF  shift 66
	VAR  shift 68
	'-'  shift 70
	'!'  shift 71
	'('  shift 72
	'['  shift 73
	IDENTIFIER  reduce 46

	Expr  goto 165
	LValue  goto 99
	Call  goto 100
	Receiver  goto 91
	Constant  goto 92
	ArrayConstant  goto 93


state 121
	Expr : Expr ARRAY_REPEAT . Expr  (64)
	Receiver : .  (46)

	NULL  shift 54
	THIS  shift 55
	NEW  shift 61
	READ_INTEGER  shift 63
	READ_LINE  shift 64
	LITERAL  shift 65
	INSTANCEOF  shift 66
	VAR  shift 68
	'-'  shift 70
	'!'  shift 71
	'('  shift 72
	'['  shift 73
	IDENTIFIER  reduce 46

	Expr  goto 166
	LValue  goto 99
	Call  goto 100
	Receiver  goto 91
	Constant  goto 92
	ArrayConstant  goto 93


state 122
	Expr : Expr LESS_EQUAL . Expr  (69)
	Receiver : .  (46)

	NULL  shift 54
	THIS  shift 55
	NEW  shift 61
	READ_INTEGER  shift 63
	READ_LINE  shift 64
	LITERAL  shift 65
	INSTANCEOF  shift 66
	VAR  shift 68
	'-'  shift 70
	'!'  shift 71
	'('  shift 72
	'['  shift 73
	IDENTIFIER  reduce 46

	Expr  goto 167
	LValue  goto 99
	Call  goto 100
	Receiver  goto 91
	Constant  goto 92
	ArrayConstant  goto 93


state 123
	Expr : Expr GREATER_EQUAL . Expr  (70)
	Receiver : .  (46)

	NULL  shift 54
	THIS  shift 55
	NEW  shift 61
	READ_INTEGER  shift 63
	READ_LINE  shift 64
	LITERAL  shift 65
	INSTANCEOF  shift 66
	VAR  shift 68
	'-'  shift 70
	'!'  shift 71
	'('  shift 72
	'['  shift 73
	IDENTIFIER  reduce 46

	Expr  goto 168
	LValue  goto 99
	Call  goto 100
	Receiver  goto 91
	Constant  goto 92
	ArrayConstant  goto 93


state 124
	Expr : Expr EQUAL . Expr  (65)
	Receiver : .  (46)

	NULL  shift 54
	THIS  shift 55
	NEW  shift 61
	READ_INTEGER  shift 63
	READ_LINE  shift 64
	LITERAL  shift 65
	INSTANCEOF  shift 66
	VAR  shift 68
	'-'  shift 70
	'!'  shift 71
	'('  shift 72
	'['  shift 73
	IDENTIFIER  reduce 46

	Expr  goto 169
	LValue  goto 99
	Call  goto 100
	Receiver  goto 91
	Constant  goto 92
	ArrayConstant  goto 93


state 125
	Expr : Expr NOT_EQUAL . Expr  (66)
	Receiver : .  (46)

	NULL  shift 54
	THIS  shift 55
	NEW  shift 61
	READ_INTEGER  shift 63
	READ_LINE  shift 64
	LITERAL  shift 65
	INSTANCEOF  shift 66
	VAR  shift 68
	'-'  shift 70
	'!'  shift 71
	'('  shift 72
	'['  shift 73
	IDENTIFIER  reduce 46

	Expr  goto 170
	LValue  goto 99
	Call  goto 100
	Receiver  goto 91
	Constant  goto 92
	ArrayConstant  goto 93


state 126
	Expr : Expr '+' . Expr  (59)
	Receiver : .  (46)

	NULL  shift 54
	THIS  shift 55
	NEW  shift 61
	READ_INTEGER  shift 63
	READ_LINE  shift 64
	LITERAL  shift 65
	INSTANCEOF  shift 66
	VAR  shift 68
	'-'  shift 70
	'!'  shift 71
	'('  shift 72
	'['  shift 73
	IDENTIFIER  reduce 46

	Expr  goto 171
	LValue  goto 99
	Call  goto 100
	Receiver  goto 91
	Constant  goto 92
	ArrayConstant  goto 93


state 127
	Expr : Expr '-' . Expr  (60)
	Receiver : .  (46)

	NULL  shift 54
	THIS  shift 55
	NEW  shift 61
	READ_INTEGER  shift 63
	READ_LINE  shift 64
	LITERAL  shift 65
	INSTANCEOF  shift 66
	VAR  shift 68
	'-'  shift 70
	'!'  shift 71
	'('  shift 72
	'['  shift 73
	IDENTIFIER  reduce 46

	Expr  goto 172
	LValue  goto 99
	Call  goto 100
	Receiver  goto 91
	Constant  goto 92
	ArrayConstant  goto 93


state 128
	Expr : Expr '*' . Expr  (61)
	Receiver : .  (46)

	NULL  shift 54
	THIS  shift 55
	NEW  shift 61
	READ_INTEGER  shift 63
	READ_LINE  shift 64
	LITERAL  shift 65
	INSTANCEOF  shift 66
	VAR  shift 68
	'-'  shift 70
	'!'  shift 71
	'('  shift 72
	'['  shift 73
	IDENTIFIER  reduce 46

	Expr  goto 173
	LValue  goto 99
	Call  goto 100
	Receiver  goto 91
	Constant  goto 92
	ArrayConstant  goto 93


state 129
	Expr : Expr '/' . Expr  (62)
	Receiver : .  (46)

	NULL  shift 54
	THIS  shift 55
	NEW  shift 61
	READ_INTEGER  shift 63
	READ_LINE  shift 64
	LITERAL  shift 65
	INSTANCEOF  shift 66
	VAR  shift 68
	'-'  shift 70
	'!'  shift 71
	'('  shift 72
	'['  shift 73
	IDENTIFIER  reduce 46

	Expr  goto 174
	LValue  goto 99
	Call  goto 100
	Receiver  goto 91
	Constant  goto 92
	ArrayConstant  goto 93


state 130
	Expr : Expr '%' . Expr  (63)
	Receiver : .  (46)

	NULL  shift 54
	THIS  shift 55
	NEW  shift 61
	READ_INTEGER  shift 63
	READ_LINE  shift 64
	LITERAL  shift 65
	INSTANCEOF  shift 66
	VAR  shift 68
	'-'  shift 70
	'!'  shift 71
	'('  shift 72
	'['  shift 73
	IDENTIFIER  reduce 46

	Expr  goto 175
	LValue  goto 99
	Call  goto 100
	Receiver  goto 91
	Constant  goto 92
	ArrayConstant  goto 93


state 131
	Expr : Expr '>' . Expr  (68)
	Receiver : .  (46)

	NULL  shift 54
	THIS  shift 55
	NEW  shift 61
	READ_INTEGER  shift 63
	READ_LINE  shift 64
	LITERAL  shift 65
	INSTANCEOF  shift 66
	VAR  shift 68
	'-'  shift 70
	'!'  shift 71
	'('  shift 72
	'['  shift 73
	IDENTIFIER  reduce 46

	Expr  goto 176
	LValue  goto 99
	Call  goto 100
	Receiver  goto 91
	Constant  goto 92
	ArrayConstant  goto 93


state 132
	Expr : Expr '<' . Expr  (67)
	Receiver : .  (46)

	NULL  shift 54
	THIS  shift 55
	NEW  shift 61
	READ_INTEGER  shift 63
	READ_LINE  shift 64
	LITERAL  shift 65
	INSTANCEOF  shift 66
	VAR  shift 68
	'-'  shift 70
	'!'  shift 71
	'('  shift 72
	'['  shift 73
	IDENTIFIER  reduce 46

	Expr  goto 177
	LValue  goto 99
	Call  goto 100
	Receiver  goto 91
	Constant  goto 92
	ArrayConstant  goto 93


state 133
	Receiver : Expr '.' .  (45)

	.  reduce 45


state 134
	LValue : Expr '[' . Expr ']'  (48)
	Expr : Expr '[' . Expr ']' DEFAULT Expr  (56)
	Expr : Expr '[' . Expr ':' Expr ']'  (57)
	Receiver : .  (46)

	NULL  shift 54
	THIS  shift 55
	NEW  shift 61
	READ_INTEGER  shift 63
	READ_LINE  shift 64
	LITERAL  shift 65
	INSTANCEOF  shift 66
	VAR  shift 68
	'-'  shift 70
	'!'  shift 71
	'('  shift 72
	'['  shift 73
	IDENTIFIER  reduce 46

	Expr  goto 178
	LValue  goto 99
	Call  goto 100
	Receiver  goto 91
	Constant  goto 92
	ArrayConstant  goto 93


state 135
	Stmt : SimpleStmt ';' .  (33)

	.  reduce 33


state 136
	Stmt : ReturnStmt ';' .  (37)

	.  reduce 37


state 137
	Stmt : PrintStmt ';' .  (38)

	.  reduce 38


state 138
	Stmt : BreakStmt ';' .  (39)

	.  reduce 39


state 139
	SimpleStmt : LValue '=' . Expr  (42)
	Receiver : .  (46)

	NULL  shift 54
	THIS  shift 55
	NEW  shift 61
	READ_INTEGER  shift 63
	READ_LINE  shift 64
	LITERAL  shift 65
	INSTANCEOF  shift 66
	VAR  shift 68
	'-'  shift 70
	'!'  shift 71
	'('  shift 72
	'['  shift 73
	IDENTIFIER  reduce 46

	Expr  goto 179
	LValue  goto 99
	Call  goto 100
	Receiver  goto 91
	Constant  goto 92
	ArrayConstant  goto 93


state 140
	LValue : Receiver IDENTIFIER .  (47)
	Call : Receiver IDENTIFIER . '(' Actuals ')'  (50)

	'('  shift 180
	WHILE  reduce 47
	FOR  reduce 47
	IF  reduce 47
	AND  reduce 47
	OR  reduce 47
	ARRAY_CONCAT  reduce 47
	ARRAY_REPEAT  reduce 47
	LESS_EQUAL  reduce 47
	GREATER_EQUAL  reduce 47
	EQUAL  reduce 47
	NOT_EQUAL  reduce 47
	'+'  reduce 47
	'-'  reduce 47
	'*'  reduce 47
	'/'  reduce 47
	'%'  reduce 47
	'='  reduce 47
	'>'  reduce 47
	'<'  reduce 47
	'.'  reduce 47
	':'  reduce 47
	','  reduce 47
	';'  reduce 47
	')'  reduce 47
	'['  reduce 47
	']'  reduce 47


state 141
	Receiver : Expr . '.'  (45)
	LValue : Expr . '[' Expr ']'  (48)
	Expr : Expr . '[' Expr ']' DEFAULT Expr  (56)
	Expr : Expr . '[' Expr ':' Expr ']'  (57)
	Expr : Expr . ARRAY_CONCAT Expr  (58)
	Expr : Expr . '+' Expr  (59)
	Expr : Expr . '-' Expr  (60)
	Expr : Expr . '*' Expr  (61)
	Expr : Expr . '/' Expr  (62)
	Expr : Expr . '%' Expr  (63)
	Expr : Expr . ARRAY_REPEAT Expr  (64)
	Expr : Expr . EQUAL Expr  (65)
	Expr : Expr . NOT_EQUAL Expr  (66)
	Expr : Expr . '<' Expr  (67)
	Expr : Expr . '>' Expr  (68)
	Expr : Expr . LESS_EQUAL Expr  (69)
	Expr : Expr . GREATER_EQUAL Expr  (70)
	Expr : Expr . AND Expr  (71)
	Expr : Expr . OR Expr  (72)
	WhileStmt : WHILE '(' Expr . ')' Stmt  (104)

	AND  shift 118
	OR  shift 119
	ARRAY_CONCAT  shift 120
	ARRAY_REPEAT  shift 121
	LESS_EQUAL  shift 122
	GREATER_EQUAL  shift 123
	EQUAL  shift 124
	NOT_EQUAL  shift 125
	'+'  shift 126
	'-'  shift 127
	'*'  shift 128
	'/'  shift 129
	'%'  shift 130
	'>'  shift 131
	'<'  shift 132
	'.'  shift 133
	')'  shift 181
	'['  shift 134
	.  error


state 142
	ForStmt : FOR '(' SimpleStmt . ';' Expr ';' SimpleStmt ')' Stmt  (105)

	';'  shift 182
	.  error


state 143
	Receiver : Expr . '.'  (45)
	LValue : Expr . '[' Expr ']'  (48)
	Expr : Expr . '[' Expr ']' DEFAULT Expr  (56)
	Expr : Expr . '[' Expr ':' Expr ']'  (57)
	Expr : Expr . ARRAY_CONCAT Expr  (58)
	Expr : Expr . '+' Expr  (59)
	Expr : Expr . '-' Expr  (60)
	Expr : Expr . '*' Expr  (61)
	Expr : Expr . '/' Expr  (62)
	Expr : Expr . '%' Expr  (63)
	Expr : Expr . ARRAY_REPEAT Expr  (64)
	Expr : Expr . EQUAL Expr  (65)
	Expr : Expr . NOT_EQUAL Expr  (66)
	Expr : Expr . '<' Expr  (67)
	Expr : Expr . '>' Expr  (68)
	Expr : Expr . LESS_EQUAL Expr  (69)
	Expr : Expr . GREATER_EQUAL Expr  (70)
	Expr : Expr . AND Expr  (71)
	Expr : Expr . OR Expr  (72)
	IfStmt : IF '(' Expr . ')' Stmt ElseClause  (107)

	AND  shift 118
	OR  shift 119
	ARRAY_CONCAT  shift 120
	ARRAY_REPEAT  shift 121
	LESS_EQUAL  shift 122
	GREATER_EQUAL  shift 123
	EQUAL  shift 124
	NOT_EQUAL  shift 125
	'+'  shift 126
	'-'  shift 127
	'*'  shift 128
	'/'  shift 129
	'%'  shift 130
	'>'  shift 131
	'<'  shift 132
	'.'  shift 133
	')'  shift 183
	'['  shift 134
	.  error


state 144
	GuardedStmt : IF '{' '}' .  (91)

	.  reduce 91


state 145
	GuardedStmt : IF '{' IfBranch . IfSubStmt '}'  (90)
	IfBranch : IfBranch . IfSubStmt GUARD  (92)
	Receiver : .  (46)

	NULL  shift 54
	THIS  shift 55
	NEW  shift 61
	READ_INTEGER  shift 63
	READ_LINE  shift 64
	LITERAL  shift 65
	INSTANCEOF  shift 66
	VAR  shift 68
	'-'  shift 70
	'!'  shift 71
	'('  shift 72
	'['  shift 73
	IDENTIFIER  reduce 46

	Expr  goto 184
	LValue  goto 99
	Call  goto 100
	Receiver  goto 91
	Constant  goto 92
	ArrayConstant  goto 93
	IfSubStmt  goto 185


state 146
	Expr : NEW IDENTIFIER '(' . ')'  (79)

	')'  shift 186
	.  error


state 147
	Type : Type '[' . ']'  (11)
	Expr : NEW Type '[' . Expr ']'  (80)
	Receiver : .  (46)

	NULL  shift 54
	THIS  shift 55
	NEW  shift 61
	READ_INTEGER  shift 63
	READ_LINE  shift 64
	LITERAL  shift 65
	INSTANCEOF  shift 66
	VAR  shift 68
	'-'  shift 70
	'!'  shift 71
	'('  shift 72
	'['  shift 73
	']'  shift 38
	IDENTIFIER  reduce 46

	Expr  goto 187
	LValue  goto 99
	Call  goto 100
	Receiver  goto 91
	Constant  goto 92
	ArrayConstant  goto 93


state 148
	Receiver : Expr . '.'  (45)
	LValue : Expr . '[' Expr ']'  (48)
	Expr : Expr . '[' Expr ']' DEFAULT Expr  (56)
	Expr : Expr . '[' Expr ':' Expr ']'  (57)
	Expr : Expr . ARRAY_CONCAT Expr  (58)
	Expr : Expr . '+' Expr  (59)
	Expr : Expr . '-' Expr  (60)
	Expr : Expr . '*' Expr  (61)
	Expr : Expr . '/' Expr  (62)
	Expr : Expr . '%' Expr  (63)
	Expr : Expr . ARRAY_REPEAT Expr  (64)
	Expr : Expr . EQUAL Expr  (65)
	Expr : Expr . NOT_EQUAL Expr  (66)
	Expr : Expr . '<' Expr  (67)
	Expr : Expr . '>' Expr  (68)
	Expr : Expr . LESS_EQUAL Expr  (69)
	Expr : Expr . GREATER_EQUAL Expr  (70)
	Expr : Expr . AND Expr  (71)
	Expr : Expr . OR Expr  (72)
	ExprList : Expr .  (103)

	AND  shift 118
	OR  shift 119
	ARRAY_CONCAT  shift 120
	ARRAY_REPEAT  shift 121
	LESS_EQUAL  shift 122
	GREATER_EQUAL  shift 123
	EQUAL  shift 124
	NOT_EQUAL  shift 125
	'+'  shift 126
	'-'  shift 127
	'*'  shift 128
	'/'  shift 129
	'%'  shift 130
	'>'  shift 131
	'<'  shift 132
	'.'  shift 133
	'['  shift 134
	','  reduce 103
	')'  reduce 103


state 149
	ExprList : ExprList . ',' Expr  (102)
	PrintStmt : PRINT '(' ExprList . ')'  (112)

	','  shift 188
	')'  shift 189
	.  error


state 150
	Expr : READ_INTEGER '(' ')' .  (76)

	.  reduce 76


state 151
	Expr : READ_LINE '(' ')' .  (77)

	.  reduce 77


state 152
	Receiver : Expr . '.'  (45)
	LValue : Expr . '[' Expr ']'  (48)
	Expr : Expr . '[' Expr ']' DEFAULT Expr  (56)
	Expr : Expr . '[' Expr ':' Expr ']'  (57)
	Expr : Expr . ARRAY_CONCAT Expr  (58)
	Expr : Expr . '+' Expr  (59)
	Expr : Expr . '-' Expr  (60)
	Expr : Expr . '*' Expr  (61)
	Expr : Expr . '/' Expr  (62)
	Expr : Expr . '%' Expr  (63)
	Expr : Expr . ARRAY_REPEAT Expr  (64)
	Expr : Expr . EQUAL Expr  (65)
	Expr : Expr . NOT_EQUAL Expr  (66)
	Expr : Expr . '<' Expr  (67)
	Expr : Expr . '>' Expr  (68)
	Expr : Expr . LESS_EQUAL Expr  (69)
	Expr : Expr . GREATER_EQUAL Expr  (70)
	Expr : Expr . AND Expr  (71)
	Expr : Expr . OR Expr  (72)
	Expr : INSTANCEOF '(' Expr . ',' IDENTIFIER ')'  (81)

	AND  shift 118
	OR  shift 119
	ARRAY_CONCAT  shift 120
	ARRAY_REPEAT  shift 121
	LESS_EQUAL  shift 122
	GREATER_EQUAL  shift 123
	EQUAL  shift 124
	NOT_EQUAL  shift 125
	'+'  shift 126
	'-'  shift 127
	'*'  shift 128
	'/'  shift 129
	'%'  shift 130
	'>'  shift 131
	'<'  shift 132
	'.'  shift 133
	','  shift 190
	'['  shift 134
	.  error


state 153
	OCStmt : SCOPY '(' IDENTIFIER . ',' Expr ')'  (29)

	','  shift 191
	.  error


state 154
	VARTYPE : VAR .  (99)

	.  reduce 99


state 155
	Type : Type . '[' ']'  (11)
	BoundVariable : Type . IDENTIFIER  (98)

	IDENTIFIER  shift 192
	'['  shift 34
	.  error


state 156
	ForeachStmt : FOREACH '(' BoundVariable . IN Expr ')' Stmt  (95)
	ForeachStmt : FOREACH '(' BoundVariable . IN Expr WHILE Expr ')' Stmt  (96)

	IN  shift 193
	.  error


state 157
	BoundVariable : VARTYPE . IDENTIFIER  (97)

	IDENTIFIER  shift 194
	.  error


state 158
	Expr : '(' CLASS IDENTIFIER . ')' Expr  (82)

	')'  shift 195
	.  error


state 159
	Expr : '(' Expr ')' .  (73)

	.  reduce 73


state 160
	Expr : '[' Expr FOR . IDENTIFIER IN Expr ']'  (54)
	Expr : '[' Expr FOR . IDENTIFIER IN Expr IF Expr ']'  (55)

	IDENTIFIER  shift 196
	.  error


state 161
	ConstantList : ConstantList ',' . Constant  (86)

	NULL  shift 54
	LITERAL  shift 65
	'['  shift 197
	.  error

	Constant  goto 198
	ArrayConstant  goto 93


state 162
	ArrayConstant : '[' ConstantList ']' .  (88)

	.  reduce 88


state 163
	Receiver : Expr . '.'  (45)
	LValue : Expr . '[' Expr ']'  (48)
	Expr : Expr . '[' Expr ']' DEFAULT Expr  (56)
	Expr : Expr . '[' Expr ':' Expr ']'  (57)
	Expr : Expr . ARRAY_CONCAT Expr  (58)
	Expr : Expr . '+' Expr  (59)
	Expr : Expr . '-' Expr  (60)
	Expr : Expr . '*' Expr  (61)
	Expr : Expr . '/' Expr  (62)
	Expr : Expr . '%' Expr  (63)
	Expr : Expr . ARRAY_REPEAT Expr  (64)
	Expr : Expr . EQUAL Expr  (65)
	Expr : Expr . NOT_EQUAL Expr  (66)
	Expr : Expr . '<' Expr  (67)
	Expr : Expr . '>' Expr  (68)
	Expr : Expr . LESS_EQUAL Expr  (69)
	Expr : Expr . GREATER_EQUAL Expr  (70)
	Expr : Expr . AND Expr  (71)
	Expr : Expr AND Expr .  (71)
	Expr : Expr . OR Expr  (72)

	ARRAY_CONCAT  shift 120
	ARRAY_REPEAT  shift 121
	LESS_EQUAL  shift 122
	GREATER_EQUAL  shift 123
	EQUAL  shift 124
	NOT_EQUAL  shift 125
	'+'  shift 126
	'-'  shift 127
	'*'  shift 128
	'/'  shift 129
	'%'  shift 130
	'>'  shift 131
	'<'  shift 132
	'.'  shift 133
	'['  shift 134
	WHILE  reduce 71
	FOR  reduce 71
	IF  reduce 71
	AND  reduce 71
	OR  reduce 71
	':'  reduce 71
	','  reduce 71
	';'  reduce 71
	')'  reduce 71
	']'  reduce 71


state 164
	Receiver : Expr . '.'  (45)
	LValue : Expr . '[' Expr ']'  (48)
	Expr : Expr . '[' Expr ']' DEFAULT Expr  (56)
	Expr : Expr . '[' Expr ':' Expr ']'  (57)
	Expr : Expr . ARRAY_CONCAT Expr  (58)
	Expr : Expr . '+' Expr  (59)
	Expr : Expr . '-' Expr  (60)
	Expr : Expr . '*' Expr  (61)
	Expr : Expr . '/' Expr  (62)
	Expr : Expr . '%' Expr  (63)
	Expr : Expr . ARRAY_REPEAT Expr  (64)
	Expr : Expr . EQUAL Expr  (65)
	Expr : Expr . NOT_EQUAL Expr  (66)
	Expr : Expr . '<' Expr  (67)
	Expr : Expr . '>' Expr  (68)
	Expr : Expr . LESS_EQUAL Expr  (69)
	Expr : Expr . GREATER_EQUAL Expr  (70)
	Expr : Expr . AND Expr  (71)
	Expr : Expr . OR Expr  (72)
	Expr : Expr OR Expr .  (72)

	AND  shift 118
	ARRAY_CONCAT  shift 120
	ARRAY_REPEAT  shift 121
	LESS_EQUAL  shift 122
	GREATER_EQUAL  shift 123
	EQUAL  shift 124
	NOT_EQUAL  shift 125
	'+'  shift 126
	'-'  shift 127
	'*'  shift 128
	'/'  shift 129
	'%'  shift 130
	'>'  shift 131
	'<'  shift 132
	'.'  shift 133
	'['  shift 134
	WHILE  reduce 72
	FOR  reduce 72
	IF  reduce 72
	OR  reduce 72
	':'  reduce 72
	','  reduce 72
	';'  reduce 72
	')'  reduce 72
	']'  reduce 72


state 165
	Receiver : Expr . '.'  (45)
	LValue : Expr . '[' Expr ']'  (48)
	Expr : Expr . '[' Expr ']' DEFAULT Expr  (56)
	Expr : Expr . '[' Expr ':' Expr ']'  (57)
	Expr : Expr . ARRAY_CONCAT Expr  (58)
	Expr : Expr ARRAY_CONCAT Expr .  (58)
	Expr : Expr . '+' Expr  (59)
	Expr : Expr . '-' Expr  (60)
	Expr : Expr . '*' Expr  (61)
	Expr : Expr . '/' Expr  (62)
	Expr : Expr . '%' Expr  (63)
	Expr : Expr . ARRAY_REPEAT Expr  (64)
	Expr : Expr . EQUAL Expr  (65)
	Expr : Expr . NOT_EQUAL Expr  (66)
	Expr : Expr . '<' Expr  (67)
	Expr : Expr . '>' Expr  (68)
	Expr : Expr . LESS_EQUAL Expr  (69)
	Expr : Expr . GREATER_EQUAL Expr  (70)
	Expr : Expr . AND Expr  (71)
	Expr : Expr . OR Expr  (72)

	ARRAY_CONCAT  shift 120
	ARRAY_REPEAT  shift 121
	'+'  shift 126
	'-'  shift 127
	'*'  shift 128
	'/'  shift 129
	'%'  shift 130
	'.'  shift 133
	'['  shift 134
	WHILE  reduce 58
	FOR  reduce 58
	IF  reduce 58
	AND  reduce 58
	OR  reduce 58
	LESS_EQUAL  reduce 58
	GREATER_EQUAL  reduce 58
	EQUAL  reduce 58
	NOT_EQUAL  reduce 58
	'>'  reduce 58
	'<'  reduce 58
	':'  reduce 58
	','  reduce 58
	';'  reduce 58
	')'  reduce 58
	']'  reduce 58


state 166
	Receiver : Expr . '.'  (45)
	LValue : Expr . '[' Expr ']'  (48)
	Expr : Expr . '[' Expr ']' DEFAULT Expr  (56)
	Expr : Expr . '[' Expr ':' Expr ']'  (57)
	Expr : Expr . ARRAY_CONCAT Expr  (58)
	Expr : Expr . '+' Expr  (59)
	Expr : Expr . '-' Expr  (60)
	Expr : Expr . '*' Expr  (61)
	Expr : Expr . '/' Expr  (62)
	Expr : Expr . '%' Expr  (63)
	Expr : Expr . ARRAY_REPEAT Expr  (64)
	Expr : Expr ARRAY_REPEAT Expr .  (64)
	Expr : Expr . EQUAL Expr  (65)
	Expr : Expr . NOT_EQUAL Expr  (66)
	Expr : Expr . '<' Expr  (67)
	Expr : Expr . '>' Expr  (68)
	Expr : Expr . LESS_EQUAL Expr  (69)
	Expr : Expr . GREATER_EQUAL Expr  (70)
	Expr : Expr . AND Expr  (71)
	Expr : Expr . OR Expr  (72)

	'+'  shift 126
	'-'  shift 127
	'*'  shift 128
	'/'  shift 129
	'%'  shift 130
	'.'  shift 133
	'['  shift 134
	WHILE  reduce 64
	FOR  reduce 64
	IF  reduce 64
	AND  reduce 64
	OR  reduce 64
	ARRAY_CONCAT  reduce 64
	ARRAY_REPEAT  reduce 64
	LESS_EQUAL  reduce 64
	GREATER_EQUAL  reduce 64
	EQUAL  reduce 64
	NOT_EQUAL  reduce 64
	'>'  reduce 64
	'<'  reduce 64
	':'  reduce 64
	','  reduce 64
	';'  reduce 64
	')'  reduce 64
	']'  reduce 64


state 167
	Receiver : Expr . '.'  (45)
	LValue : Expr . '[' Expr ']'  (48)
	Expr : Expr . '[' Expr ']' DEFAULT Expr  (56)
	Expr : Expr . '[' Expr ':' Expr ']'  (57)
	Expr : Expr . ARRAY_CONCAT Expr  (58)
	Expr : Expr . '+' Expr  (59)
	Expr : Expr . '-' Expr  (60)
	Expr : Expr . '*' Expr  (61)
	Expr : Expr . '/' Expr  (62)
	Expr : Expr . '%' Expr  (63)
	Expr : Expr . ARRAY_REPEAT Expr  (64)
	Expr : Expr . EQUAL Expr  (65)
	Expr : Expr . NOT_EQUAL Expr  (66)
	Expr : Expr . '<' Expr  (67)
	Expr : Expr . '>' Expr  (68)
	Expr : Expr . LESS_EQUAL Expr  (69)
	Expr : Expr LESS_EQUAL Expr .  (69)
	Expr : Expr . GREATER_EQUAL Expr  (70)
	Expr : Expr . AND Expr  (71)
	Expr : Expr . OR Expr  (72)

	ARRAY_CONCAT  shift 120
	ARRAY_REPEAT  shift 121
	'+'  shift 126
	'-'  shift 127
	'*'  shift 128
	'/'  shift 129
	'%'  shift 130
	'.'  shift 133
	'['  shift 134
	WHILE  reduce 69
	FOR  reduce 69
	IF  reduce 69
	AND  reduce 69
	OR  reduce 69
	EQUAL  reduce 69
	NOT_EQUAL  reduce 69
	':'  reduce 69
	','  reduce 69
	';'  reduce 69
	')'  reduce 69
	']'  reduce 69


state 168
	Receiver : Expr . '.'  (45)
	LValue : Expr . '[' Expr ']'  (48)
	Expr : Expr . '[' Expr ']' DEFAULT Expr  (56)
	Expr : Expr . '[' Expr ':' Expr ']'  (57)
	Expr : Expr . ARRAY_CONCAT Expr  (58)
	Expr : Expr . '+' Expr  (59)
	Expr : Expr . '-' Expr  (60)
	Expr : Expr . '*' Expr  (61)
	Expr : Expr . '/' Expr  (62)
	Expr : Expr . '%' Expr  (63)
	Expr : Expr . ARRAY_REPEAT Expr  (64)
	Expr : Expr . EQUAL Expr  (65)
	Expr : Expr . NOT_EQUAL Expr  (66)
	Expr : Expr . '<' Expr  (67)
	Expr : Expr . '>' Expr  (68)
	Expr : Expr . LESS_EQUAL Expr  (69)
	Expr : Expr . GREATER_EQUAL Expr  (70)
	Expr : Expr GREATER_EQUAL Expr .  (70)
	Expr : Expr . AND Expr  (71)
	Expr : Expr . OR Expr  (72)

	ARRAY_CONCAT  shift 120
	ARRAY_REPEAT  shift 121
	'+'  shift 126
	'-'  shift 127
	'*'  shift 128
	'/'  shift 129
	'%'  shift 130
	'.'  shift 133
	'['  shift 134
	WHILE  reduce 70
	FOR  reduce 70
	IF  reduce 70
	AND  reduce 70
	OR  reduce 70
	EQUAL  reduce 70
	NOT_EQUAL  reduce 70
	':'  reduce 70
	','  reduce 70
	';'  reduce 70
	')'  reduce 70
	']'  reduce 70


state 169
	Receiver : Expr . '.'  (45)
	LValue : Expr . '[' Expr ']'  (48)
	Expr : Expr . '[' Expr ']' DEFAULT Expr  (56)
	Expr : Expr . '[' Expr ':' Expr ']'  (57)
	Expr : Expr . ARRAY_CONCAT Expr  (58)
	Expr : Expr . '+' Expr  (59)
	Expr : Expr . '-' Expr  (60)
	Expr : Expr . '*' Expr  (61)
	Expr : Expr . '/' Expr  (62)
	Expr : Expr . '%' Expr  (63)
	Expr : Expr . ARRAY_REPEAT Expr  (64)
	Expr : Expr . EQUAL Expr  (65)
	Expr : Expr EQUAL Expr .  (65)
	Expr : Expr . NOT_EQUAL Expr  (66)
	Expr : Expr . '<' Expr  (67)
	Expr : Expr . '>' Expr  (68)
	Expr : Expr . LESS_EQUAL Expr  (69)
	Expr : Expr . GREATER_EQUAL Expr  (70)
	Expr : Expr . AND Expr  (71)
	Expr : Expr . OR Expr  (72)

	ARRAY_CONCAT  shift 120
	ARRAY_REPEAT  shift 121
	LESS_EQUAL  shift 122
	GREATER_EQUAL  shift 123
	'+'  shift 126
	'-'  shift 127
	'*'  shift 128
	'/'  shift 129
	'%'  shift 130
	'>'  shift 131
	'<'  shift 132
	'.'  shift 133
	'['  shift 134
	WHILE  reduce 65
	FOR  reduce 65
	IF  reduce 65
	AND  reduce 65
	OR  reduce 65
	':'  reduce 65
	','  reduce 65
	';'  reduce 65
	')'  reduce 65
	']'  reduce 65


state 170
	Receiver : Expr . '.'  (45)
	LValue : Expr . '[' Expr ']'  (48)
	Expr : Expr . '[' Expr ']' DEFAULT Expr  (56)
	Expr : Expr . '[' Expr ':' Expr ']'  (57)
	Expr : Expr . ARRAY_CONCAT Expr  (58)
	Expr : Expr . '+' Expr  (59)
	Expr : Expr . '-' Expr  (60)
	Expr : Expr . '*' Expr  (61)
	Expr : Expr . '/' Expr  (62)
	Expr : Expr . '%' Expr  (63)
	Expr : Expr . ARRAY_REPEAT Expr  (64)
	Expr : Expr . EQUAL Expr  (65)
	Expr : Expr . NOT_EQUAL Expr  (66)
	Expr : Expr NOT_EQUAL Expr .  (66)
	Expr : Expr . '<' Expr  (67)
	Expr : Expr . '>' Expr  (68)
	Expr : Expr . LESS_EQUAL Expr  (69)
	Expr : Expr . GREATER_EQUAL Expr  (70)
	Expr : Expr . AND Expr  (71)
	Expr : Expr . OR Expr  (72)

	ARRAY_CONCAT  shift 120
	ARRAY_REPEAT  shift 121
	LESS_EQUAL  shift 122
	GREATER_EQUAL  shift 123
	'+'  shift 126
	'-'  shift 127
	'*'  shift 128
	'/'  shift 129
	'%'  shift 130
	'>'  shift 131
	'<'  shift 132
	'.'  shift 133
	'['  shift 134
	WHILE  reduce 66
	FOR  reduce 66
	IF  reduce 66
	AND  reduce 66
	OR  reduce 66
	':'  reduce 66
	','  reduce 66
	';'  reduce 66
	')'  reduce 66
	']'  reduce 66


state 171
	Receiver : Expr . '.'  (45)
	LValue : Expr . '[' Expr ']'  (48)
	Expr : Expr . '[' Expr ']' DEFAULT Expr  (56)
	Expr : Expr . '[' Expr ':' Expr ']'  (57)
	Expr : Expr . ARRAY_CONCAT Expr  (58)
	Expr : Expr . '+' Expr  (59)
	Expr : Expr '+' Expr .  (59)
	Expr : Expr . '-' Expr  (60)
	Expr : Expr . '*' Expr  (61)
	Expr : Expr . '/' Expr  (62)
	Expr : Expr . '%' Expr  (63)
	Expr : Expr . ARRAY_REPEAT Expr  (64)
	Expr : Expr . EQUAL Expr  (65)
	Expr : Expr . NOT_EQUAL Expr  (66)
	Expr : Expr . '<' Expr  (67)
	Expr : Expr . '>' Expr  (68)
	Expr : Expr . LESS_EQUAL Expr  (69)
	Expr : Expr . GREATER_EQUAL Expr  (70)
	Expr : Expr . AND Expr  (71)
	Expr : Expr . OR Expr  (72)

	'*'  shift 128
	'/'  shift 129
	'%'  shift 130
	'.'  shift 133
	'['  shift 134
	WHILE  reduce 59
	FOR  reduce 59
	IF  reduce 59
	AND  reduce 59
	OR  reduce 59
	ARRAY_CONCAT  reduce 59
	ARRAY_REPEAT  reduce 59
	LESS_EQUAL  reduce 59
	GREATER_EQUAL  reduce 59
	EQUAL  reduce 59
	NOT_EQUAL  reduce 59
	'+'  reduce 59
	'-'  reduce 59
	'>'  reduce 59
	'<'  reduce 59
	':'  reduce 59
	','  reduce 59
	';'  reduce 59
	')'  reduce 59
	']'  reduce 59


state 172
	Receiver : Expr . '.'  (45)
	LValue : Expr . '[' Expr ']'  (48)
	Expr : Expr . '[' Expr ']' DEFAULT Expr  (56)
	Expr : Expr . '[' Expr ':' Expr ']'  (57)
	Expr : Expr . ARRAY_CONCAT Expr  (58)
	Expr : Expr . '+' Expr  (59)
	Expr : Expr . '-' Expr  (60)
	Expr : Expr '-' Expr .  (60)
	Expr : Expr . '*' Expr  (61)
	Expr : Expr . '/' Expr  (62)
	Expr : Expr . '%' Expr  (63)
	Expr : Expr . ARRAY_REPEAT Expr  (64)
	Expr : Expr . EQUAL Expr  (65)
	Expr : Expr . NOT_EQUAL Expr  (66)
	Expr : Expr . '<' Expr  (67)
	Expr : Expr . '>' Expr  (68)
	Expr : Expr . LESS_EQUAL Expr  (69)
	Expr : Expr . GREATER_EQUAL Expr  (70)
	Expr : Expr . AND Expr  (71)
	Expr : Expr . OR Expr  (72)

	'*'  shift 128
	'/'  shift 129
	'%'  shift 130
	'.'  shift 133
	'['  shift 134
	WHILE  reduce 60
	FOR  reduce 60
	IF  reduce 60
	AND  reduce 60
	OR  reduce 60
	ARRAY_CONCAT  reduce 60
	ARRAY_REPEAT  reduce 60
	LESS_EQUAL  reduce 60
	GREATER_EQUAL  reduce 60
	EQUAL  reduce 60
	NOT_EQUAL  reduce 60
	'+'  reduce 60
	'-'  reduce 60
	'>'  reduce 60
	'<'  reduce 60
	':'  reduce 60
	','  reduce 60
	';'  reduce 60
	')'  reduce 60
	']'  reduce 60


state 173
	Receiver : Expr . '.'  (45)
	LValue : Expr . '[' Expr ']'  (48)
	Expr : Expr . '[' Expr ']' DEFAULT Expr  (56)
	Expr : Expr . '[' Expr ':' Expr ']'  (57)
	Expr : Expr . ARRAY_CONCAT Expr  (58)
	Expr : Expr . '+' Expr  (59)
	Expr : Expr . '-' Expr  (60)
	Expr : Expr . '*' Expr  (61)
	Expr : Expr '*' Expr .  (61)
	Expr : Expr . '/' Expr  (62)
	Expr : Expr . '%' Expr  (63)
	Expr : Expr . ARRAY_REPEAT Expr  (64)
	Expr : Expr . EQUAL Expr  (65)
	Expr : Expr . NOT_EQUAL Expr  (66)
	Expr : Expr . '<' Expr  (67)
	Expr : Expr . '>' Expr  (68)
	Expr : Expr . LESS_EQUAL Expr  (69)
	Expr : Expr . GREATER_EQUAL Expr  (70)
	Expr : Expr . AND Expr  (71)
	Expr : Expr . OR Expr  (72)

	'.'  shift 133
	'['  shift 134
	WHILE  reduce 61
	FOR  reduce 61
	IF  reduce 61
	AND  reduce 61
	OR  reduce 61
	ARRAY_CONCAT  reduce 61
	ARRAY_REPEAT  reduce 61
	LESS_EQUAL  reduce 61
	GREATER_EQUAL  reduce 61
	EQUAL  reduce 61
	NOT_EQUAL  reduce 61
	'+'  reduce 61
	'-'  reduce 61
	'*'  reduce 61
	'/'  reduce 61
	'%'  reduce 61
	'>'  reduce 61
	'<'  reduce 61
	':'  reduce 61
	','  reduce 61
	';'  reduce 61
	')'  reduce 61
	']'  reduce 61


state 174
	Receiver : Expr . '.'  (45)
	LValue : Expr . '[' Expr ']'  (48)
	Expr : Expr . '[' Expr ']' DEFAULT Expr  (56)
	Expr : Expr . '[' Expr ':' Expr ']'  (57)
	Expr : Expr . ARRAY_CONCAT Expr  (58)
	Expr : Expr . '+' Expr  (59)
	Expr : Expr . '-' Expr  (60)
	Expr : Expr . '*' Expr  (61)
	Expr : Expr . '/' Expr  (62)
	Expr : Expr '/' Expr .  (62)
	Expr : Expr . '%' Expr  (63)
	Expr : Expr . ARRAY_REPEAT Expr  (64)
	Expr : Expr . EQUAL Expr  (65)
	Expr : Expr . NOT_EQUAL Expr  (66)
	Expr : Expr . '<' Expr  (67)
	Expr : Expr . '>' Expr  (68)
	Expr : Expr . LESS_EQUAL Expr  (69)
	Expr : Expr . GREATER_EQUAL Expr  (70)
	Expr : Expr . AND Expr  (71)
	Expr : Expr . OR Expr  (72)

	'.'  shift 133
	'['  shift 134
	WHILE  reduce 62
	FOR  reduce 62
	IF  reduce 62
	AND  reduce 62
	OR  reduce 62
	ARRAY_CONCAT  reduce 62
	ARRAY_REPEAT  reduce 62
	LESS_EQUAL  reduce 62
	GREATER_EQUAL  reduce 62
	EQUAL  reduce 62
	NOT_EQUAL  reduce 62
	'+'  reduce 62
	'-'  reduce 62
	'*'  reduce 62
	'/'  reduce 62
	'%'  reduce 62
	'>'  reduce 62
	'<'  reduce 62
	':'  reduce 62
	','  reduce 62
	';'  reduce 62
	')'  reduce 62
	']'  reduce 62


state 175
	Receiver : Expr . '.'  (45)
	LValue : Expr . '[' Expr ']'  (48)
	Expr : Expr . '[' Expr ']' DEFAULT Expr  (56)
	Expr : Expr . '[' Expr ':' Expr ']'  (57)
	Expr : Expr . ARRAY_CONCAT Expr  (58)
	Expr : Expr . '+' Expr  (59)
	Expr : Expr . '-' Expr  (60)
	Expr : Expr . '*' Expr  (61)
	Expr : Expr . '/' Expr  (62)
	Expr : Expr . '%' Expr  (63)
	Expr : Expr '%' Expr .  (63)
	Expr : Expr . ARRAY_REPEAT Expr  (64)
	Expr : Expr . EQUAL Expr  (65)
	Expr : Expr . NOT_EQUAL Expr  (66)
	Expr : Expr . '<' Expr  (67)
	Expr : Expr . '>' Expr  (68)
	Expr : Expr . LESS_EQUAL Expr  (69)
	Expr : Expr . GREATER_EQUAL Expr  (70)
	Expr : Expr . AND Expr  (71)
	Expr : Expr . OR Expr  (72)

	'.'  shift 133
	'['  shift 134
	WHILE  reduce 63
	FOR  reduce 63
	IF  reduce 63
	AND  reduce 63
	OR  reduce 63
	ARRAY_CONCAT  reduce 63
	ARRAY_REPEAT  reduce 63
	LESS_EQUAL  reduce 63
	GREATER_EQUAL  reduce 63
	EQUAL  reduce 63
	NOT_EQUAL  reduce 63
	'+'  reduce 63
	'-'  reduce 63
	'*'  reduce 63
	'/'  reduce 63
	'%'  reduce 63
	'>'  reduce 63
	'<'  reduce 63
	':'  reduce 63
	','  reduce 63
	';'  reduce 63
	')'  reduce 63
	']'  reduce 63


state 176
	Receiver : Expr . '.'  (45)
	LValue : Expr . '[' Expr ']'  (48)
	Expr : Expr . '[' Expr ']' DEFAULT Expr  (56)
	Expr : Expr . '[' Expr ':' Expr ']'  (57)
	Expr : Expr . ARRAY_CONCAT Expr  (58)
	Expr : Expr . '+' Expr  (59)
	Expr : Expr . '-' Expr  (60)
	Expr : Expr . '*' Expr  (61)
	Expr : Expr . '/' Expr  (62)
	Expr : Expr . '%' Expr  (63)
	Expr : Expr . ARRAY_REPEAT Expr  (64)
	Expr : Expr . EQUAL Expr  (65)
	Expr : Expr . NOT_EQUAL Expr  (66)
	Expr : Expr . '<' Expr  (67)
	Expr : Expr . '>' Expr  (68)
	Expr : Expr '>' Expr .  (68)
	Expr : Expr . LESS_EQUAL Expr  (69)
	Expr : Expr . GREATER_EQUAL Expr  (70)
	Expr : Expr . AND Expr  (71)
	Expr : Expr . OR Expr  (72)

	ARRAY_CONCAT  shift 120
	ARRAY_REPEAT  shift 121
	'+'  shift 126
	'-'  shift 127
	'*'  shift 128
	'/'  shift 129
	'%'  shift 130
	'.'  shift 133
	'['  shift 134
	WHILE  reduce 68
	FOR  reduce 68
	IF  reduce 68
	AND  reduce 68
	OR  reduce 68
	EQUAL  reduce 68
	NOT_EQUAL  reduce 68
	':'  reduce 68
	','  reduce 68
	';'  reduce 68
	')'  reduce 68
	']'  reduce 68


state 177
	Receiver : Expr . '.'  (45)
	LValue : Expr . '[' Expr ']'  (48)
	Expr : Expr . '[' Expr ']' DEFAULT Expr  (56)
	Expr : Expr . '[' Expr ':' Expr ']'  (57)
	Expr : Expr . ARRAY_CONCAT Expr  (58)
	Expr : Expr . '+' Expr  (59)
	Expr : Expr . '-' Expr  (60)
	Expr : Expr . '*' Expr  (61)
	Expr : Expr . '/' Expr  (62)
	Expr : Expr . '%' Expr  (63)
	Expr : Expr . ARRAY_REPEAT Expr  (64)
	Expr : Expr . EQUAL Expr  (65)
	Expr : Expr . NOT_EQUAL Expr  (66)
	Expr : Expr . '<' Expr  (67)
	Expr : Expr '<' Expr .  (67)
	Expr : Expr . '>' Expr  (68)
	Expr : Expr . LESS_EQUAL Expr  (69)
	Expr : Expr . GREATER_EQUAL Expr  (70)
	Expr : Expr . AND Expr  (71)
	Expr : Expr . OR Expr  (72)

	ARRAY_CONCAT  shift 120
	ARRAY_REPEAT  shift 121
	'+'  shift 126
	'-'  shift 127
	'*'  shift 128
	'/'  shift 129
	'%'  shift 130
	'.'  shift 133
	'['  shift 134
	WHILE  reduce 67
	FOR  reduce 67
	IF  reduce 67
	AND  reduce 67
	OR  reduce 67
	EQUAL  reduce 67
	NOT_EQUAL  reduce 67
	':'  reduce 67
	','  reduce 67
	';'  reduce 67
	')'  reduce 67
	']'  reduce 67


state 178
	Receiver : Expr . '.'  (45)
	LValue : Expr . '[' Expr ']'  (48)
	LValue : Expr '[' Expr . ']'  (48)
	Expr : Expr . '[' Expr ']' DEFAULT Expr  (56)
	Expr : Expr '[' Expr . ']' DEFAULT Expr  (56)
	Expr : Expr . '[' Expr ':' Expr ']'  (57)
	Expr : Expr '[' Expr . ':' Expr ']'  (57)
	Expr : Expr . ARRAY_CONCAT Expr  (58)
	Expr : Expr . '+' Expr  (59)
	Expr : Expr . '-' Expr  (60)
	Expr : Expr . '*' Expr  (61)
	Expr : Expr . '/' Expr  (62)
	Expr : Expr . '%' Expr  (63)
	Expr : Expr . ARRAY_REPEAT Expr  (64)
	Expr : Expr . EQUAL Expr  (65)
	Expr : Expr . NOT_EQUAL Expr  (66)
	Expr : Expr . '<' Expr  (67)
	Expr : Expr . '>' Expr  (68)
	Expr : Expr . LESS_EQUAL Expr  (69)
	Expr : Expr . GREATER_EQUAL Expr  (70)
	Expr : Expr . AND Expr  (71)
	Expr : Expr . OR Expr  (72)

	AND  shift 118
	OR  shift 119
	ARRAY_CONCAT  shift 120
	ARRAY_REPEAT  shift 121
	LESS_EQUAL  shift 122
	GREATER_EQUAL  shift 123
	EQUAL  shift 124
	NOT_EQUAL  shift 125
	'+'  shift 126
	'-'  shift 127
	'*'  shift 128
	'/'  shift 129
	'%'  shift 130
	'>'  shift 131
	'<'  shift 132
	'.'  shift 133
	':'  shift 199
	'['  shift 134
	']'  shift 200
	.  error


state 179
	SimpleStmt : LValue '=' Expr .  (42)
	Receiver : Expr . '.'  (45)
	LValue : Expr . '[' Expr ']'  (48)
	Expr : Expr . '[' Expr ']' DEFAULT Expr  (56)
	Expr : Expr . '[' Expr ':' Expr ']'  (57)
	Expr : Expr . ARRAY_CONCAT Expr  (58)
	Expr : Expr . '+' Expr  (59)
	Expr : Expr . '-' Expr  (60)
	Expr : Expr . '*' Expr  (61)
	Expr : Expr . '/' Expr  (62)
	Expr : Expr . '%' Expr  (63)
	Expr : Expr . ARRAY_REPEAT Expr  (64)
	Expr : Expr . EQUAL Expr  (65)
	Expr : Expr . NOT_EQUAL Expr  (66)
	Expr : Expr . '<' Expr  (67)
	Expr : Expr . '>' Expr  (68)
	Expr : Expr . LESS_EQUAL Expr  (69)
	Expr : Expr . GREATER_EQUAL Expr  (70)
	Expr : Expr . AND Expr  (71)
	Expr : Expr . OR Expr  (72)

	AND  shift 118
	OR  shift 119
	ARRAY_CONCAT  shift 120
	ARRAY_REPEAT  shift 121
	LESS_EQUAL  shift 122
	GREATER_EQUAL  shift 123
	EQUAL  shift 124
	NOT_EQUAL  shift 125
	'+'  shift 126
	'-'  shift 127
	'*'  shift 128
	'/'  shift 129
	'%'  shift 130
	'>'  shift 131
	'<'  shift 132
	'.'  shift 133
	'['  shift 134
	';'  reduce 42
	')'  reduce 42


state 180
	Call : Receiver IDENTIFIER '(' . Actuals ')'  (50)
	Receiver : .  (46)
	Actuals : .  (101)

	NULL  shift 54
	THIS  shift 55
	NEW  shift 61
	READ_INTEGER  shift 63
	READ_LINE  shift 64
	LITERAL  shift 65
	INSTANCEOF  shift 66
	VAR  shift 68
	'-'  shift 70
	'!'  shift 71
	'('  shift 72
	'['  shift 73
	IDENTIFIER  reduce 46
	')'  reduce 101

	Expr  goto 148
	LValue  goto 99
	Call  goto 100
	Receiver  goto 91
	Actuals  goto 201
	Constant  goto 92
	ArrayConstant  goto 93
	ExprList  goto 202


state 181
	WhileStmt : WHILE '(' Expr ')' . Stmt  (104)
	SimpleStmt : .  (44)
	Receiver : .  (46)

	VOID  shift 18
	BOOL  shift 19
	INT  shift 20
	STRING  shift 21
	CLASS  shift 22
	NULL  shift 54
	THIS  shift 55
	WHILE  shift 56
	FOR  shift 57
	IF  shift 58
	RETURN  shift 59
	BREAK  shift 60
	NEW  shift 61
	PRINT  shift 62
	READ_INTEGER  shift 63
	READ_LINE  shift 64
	LITERAL  shift 65
	INSTANCEOF  shift 66
	SCOPY  shift 67
	VAR  shift 68
	FOREACH  shift 69
	'-'  shift 70
	'!'  shift 71
	'('  shift 72
	'['  shift 73
	'{'  shift 49
	IDENTIFIER  reduce 46
	';'  reduce 44

	VariableDef  goto 75
	Variable  goto 26
	Type  goto 41
	StmtBlock  goto 76
	Stmt  goto 203
	OCStmt  goto 78
	Expr  goto 79
	ForeachStmt  goto 80
	SimpleStmt  goto 81
	IfStmt  goto 82
	WhileStmt  goto 83
	ForStmt  goto 84
	ReturnStmt  goto 85
	PrintStmt  goto 86
	BreakStmt  goto 87
	GuardedStmt  goto 88
	LValue  goto 89
	Call  goto 90
	Receiver  goto 91
	Constant  goto 92
	ArrayConstant  goto 93


state 182
	ForStmt : FOR '(' SimpleStmt ';' . Expr ';' SimpleStmt ')' Stmt  (105)
	Receiver : .  (46)

	NULL  shift 54
	THIS  shift 55
	NEW  shift 61
	READ_INTEGER  shift 63
	READ_LINE  shift 64
	LITERAL  shift 65
	INSTANCEOF  shift 66
	VAR  shift 68
	'-'  shift 70
	'!'  shift 71
	'('  shift 72
	'['  shift 73
	IDENTIFIER  reduce 46

	Expr  goto 204
	LValue  goto 99
	Call  goto 100
	Receiver  goto 91
	Constant  goto 92
	ArrayConstant  goto 93


state 183
	IfStmt : IF '(' Expr ')' . Stmt ElseClause  (107)
	SimpleStmt : .  (44)
	Receiver : .  (46)

	VOID  shift 18
	BOOL  shift 19
	INT  shift 20
	STRING  shift 21
	CLASS  shift 22
	NULL  shift 54
	THIS  shift 55
	WHILE  shift 56
	FOR  shift 57
	IF  shift 58
	RETURN  shift 59
	BREAK  shift 60
	NEW  shift 61
	PRINT  shift 62
	READ_INTEGER  shift 63
	READ_LINE  shift 64
	LITERAL  shift 65
	INSTANCEOF  shift 66
	SCOPY  shift 67
	VAR  shift 68
	FOREACH  shift 69
	'-'  shift 70
	'!'  shift 71
	'('  shift 72
	'['  shift 73
	'{'  shift 49
	IDENTIFIER  reduce 46
	';'  reduce 44

	VariableDef  goto 75
	Variable  goto 26
	Type  goto 41
	StmtBlock  goto 76
	Stmt  goto 205
	OCStmt  goto 78
	Expr  goto 79
	ForeachStmt  goto 80
	SimpleStmt  goto 81
	IfStmt  goto 82
	WhileStmt  goto 83
	ForStmt  goto 84
	ReturnStmt  goto 85
	PrintStmt  goto 86
	BreakStmt  goto 87
	GuardedStmt  goto 88
	LValue  goto 89
	Call  goto 90
	Receiver  goto 91
	Constant  goto 92
	ArrayConstant  goto 93


state 184
	Receiver : Expr . '.'  (45)
	LValue : Expr . '[' Expr ']'  (48)
	Expr : Expr . '[' Expr ']' DEFAULT Expr  (56)
	Expr : Expr . '[' Expr ':' Expr ']'  (57)
	Expr : Expr . ARRAY_CONCAT Expr  (58)
	Expr : Expr . '+' Expr  (59)
	Expr : Expr . '-' Expr  (60)
	Expr : Expr . '*' Expr  (61)
	Expr : Expr . '/' Expr  (62)
	Expr : Expr . '%' Expr  (63)
	Expr : Expr . ARRAY_REPEAT Expr  (64)
	Expr : Expr . EQUAL Expr  (65)
	Expr : Expr . NOT_EQUAL Expr  (66)
	Expr : Expr . '<' Expr  (67)
	Expr : Expr . '>' Expr  (68)
	Expr : Expr . LESS_EQUAL Expr  (69)
	Expr : Expr . GREATER_EQUAL Expr  (70)
	Expr : Expr . AND Expr  (71)
	Expr : Expr . OR Expr  (72)
	IfSubStmt : Expr . ':' Stmt  (94)

	AND  shift 118
	OR  shift 119
	ARRAY_CONCAT  shift 120
	ARRAY_REPEAT  shift 121
	LESS_EQUAL  shift 122
	GREATER_EQUAL  shift 123
	EQUAL  shift 124
	NOT_EQUAL  shift 125
	'+'  shift 126
	'-'  shift 127
	'*'  shift 128
	'/'  shift 129
	'%'  shift 130
	'>'  shift 131
	'<'  shift 132
	'.'  shift 133
	':'  shift 206
	'['  shift 134
	.  error


state 185
	GuardedStmt : IF '{' IfBranch IfSubStmt . '}'  (90)
	IfBranch : IfBranch IfSubStmt . GUARD  (92)

	GUARD  shift 207
	'}'  shift 208
	.  error


state 186
	Expr : NEW IDENTIFIER '(' ')' .  (79)

	.  reduce 79


state 187
	Receiver : Expr . '.'  (45)
	LValue : Expr . '[' Expr ']'  (48)
	Expr : Expr . '[' Expr ']' DEFAULT Expr  (56)
	Expr : Expr . '[' Expr ':' Expr ']'  (57)
	Expr : Expr . ARRAY_CONCAT Expr  (58)
	Expr : Expr . '+' Expr  (59)
	Expr : Expr . '-' Expr  (60)
	Expr : Expr . '*' Expr  (61)
	Expr : Expr . '/' Expr  (62)
	Expr : Expr . '%' Expr  (63)
	Expr : Expr . ARRAY_REPEAT Expr  (64)
	Expr : Expr . EQUAL Expr  (65)
	Expr : Expr . NOT_EQUAL Expr  (66)
	Expr : Expr . '<' Expr  (67)
	Expr : Expr . '>' Expr  (68)
	Expr : Expr . LESS_EQUAL Expr  (69)
	Expr : Expr . GREATER_EQUAL Expr  (70)
	Expr : Expr . AND Expr  (71)
	Expr : Expr . OR Expr  (72)
	Expr : NEW Type '[' Expr . ']'  (80)

	AND  shift 118
	OR  shift 119
	ARRAY_CONCAT  shift 120
	ARRAY_REPEAT  shift 121
	LESS_EQUAL  shift 122
	GREATER_EQUAL  shift 123
	EQUAL  shift 124
	NOT_EQUAL  shift 125
	'+'  shift 126
	'-'  shift 127
	'*'  shift 128
	'/'  shift 129
	'%'  shift 130
	'>'  shift 131
	'<'  shift 132
	'.'  shift 133
	'['  shift 134
	']'  shift 209
	.  error


state 188
	ExprList : ExprList ',' . Expr  (102)
	Receiver : .  (46)

	NULL  shift 54
	THIS  shift 55
	NEW  shift 61
	READ_INTEGER  shift 63
	READ_LINE  shift 64
	LITERAL  shift 65
	INSTANCEOF  shift 66
	VAR  shift 68
	'-'  shift 70
	'!'  shift 71
	'('  shift 72
	'['  shift 73
	IDENTIFIER  reduce 46

	Expr  goto 210
	LValue  goto 99
	Call  goto 100
	Receiver  goto 91
	Constant  goto 92
	ArrayConstant  goto 93


state 189
	PrintStmt : PRINT '(' ExprList ')' .  (112)

	.  reduce 112


state 190
	Expr : INSTANCEOF '(' Expr ',' . IDENTIFIER ')'  (81)

	IDENTIFIER  shift 211
	.  error


state 191
	OCStmt : SCOPY '(' IDENTIFIER ',' . Expr ')'  (29)
	Receiver : .  (46)

	NULL  shift 54
	THIS  shift 55
	NEW  shift 61
	READ_INTEGER  shift 63
	READ_LINE  shift 64
	LITERAL  shift 65
	INSTANCEOF  shift 66
	VAR  shift 68
	'-'  shift 70
	'!'  shift 71
	'('  shift 72
	'['  shift 73
	IDENTIFIER  reduce 46

	Expr  goto 212
	LValue  goto 99
	Call  goto 100
	Receiver  goto 91
	Constant  goto 92
	ArrayConstant  goto 93


state 192
	BoundVariable : Type IDENTIFIER .  (98)

	.  reduce 98


state 193
	ForeachStmt : FOREACH '(' BoundVariable IN . Expr ')' Stmt  (95)
	ForeachStmt : FOREACH '(' BoundVariable IN . Expr WHILE Expr ')' Stmt  (96)
	Receiver : .  (46)

	NULL  shift 54
	THIS  shift 55
	NEW  shift 61
	READ_INTEGER  shift 63
	READ_LINE  shift 64
	LITERAL  shift 65
	INSTANCEOF  shift 66
	VAR  shift 68
	'-'  shift 70
	'!'  shift 71
	'('  shift 72
	'['  shift 73
	IDENTIFIER  reduce 46

	Expr  goto 213
	LValue  goto 99
	Call  goto 100
	Receiver  goto 91
	Constant  goto 92
	ArrayConstant  goto 93


state 194
	BoundVariable : VARTYPE IDENTIFIER .  (97)

	.  reduce 97


state 195
	Expr : '(' CLASS IDENTIFIER ')' . Expr  (82)
	Receiver : .  (46)

	NULL  shift 54
	THIS  shift 55
	NEW  shift 61
	READ_INTEGER  shift 63
	READ_LINE  shift 64
	LITERAL  shift 65
	INSTANCEOF  shift 66
	VAR  shift 68
	'-'  shift 70
	'!'  shift 71
	'('  shift 72
	'['  shift 73
	IDENTIFIER  reduce 46

	Expr  goto 214
	LValue  goto 99
	Call  goto 100
	Receiver  goto 91
	Constant  goto 92
	ArrayConstant  goto 93


state 196
	Expr : '[' Expr FOR IDENTIFIER . IN Expr ']'  (54)
	Expr : '[' Expr FOR IDENTIFIER . IN Expr IF Expr ']'  (55)

	IN  shift 215
	.  error


state 197
	ArrayConstant : '[' . ConstantList ']'  (88)
	ArrayConstant : '[' . ']'  (89)

	NULL  shift 54
	LITERAL  shift 65
	'['  shift 197
	']'  shift 114
	.  error

	Constant  goto 216
	ArrayConstant  goto 93
	ConstantList  goto 117


state 198
	ConstantList : ConstantList ',' Constant .  (86)

	.  reduce 86


state 199
	Expr : Expr '[' Expr ':' . Expr ']'  (57)
	Receiver : .  (46)

	NULL  shift 54
	THIS  shift 55
	NEW  shift 61
	READ_INTEGER  shift 63
	READ_LINE  shift 64
	LITERAL  shift 65
	INSTANCEOF  shift 66
	VAR  shift 68
	'-'  shift 70
	'!'  shift 71
	'('  shift 72
	'['  shift 73
	IDENTIFIER  reduce 46

	Expr  goto 217
	LValue  goto 99
	Call  goto 100
	Receiver  goto 91
	Constant  goto 92
	ArrayConstant  goto 93


state 200
	LValue : Expr '[' Expr ']' .  (48)
	Expr : Expr '[' Expr ']' . DEFAULT Expr  (56)

	DEFAULT  shift 218
	WHILE  reduce 48
	FOR  reduce 48
	IF  reduce 48
	AND  reduce 48
	OR  reduce 48
	ARRAY_CONCAT  reduce 48
	ARRAY_REPEAT  reduce 48
	LESS_EQUAL  reduce 48
	GREATER_EQUAL  reduce 48
	EQUAL  reduce 48
	NOT_EQUAL  reduce 48
	'+'  reduce 48
	'-'  reduce 48
	'*'  reduce 48
	'/'  reduce 48
	'%'  reduce 48
	'='  reduce 48
	'>'  reduce 48
	'<'  reduce 48
	'.'  reduce 48
	':'  reduce 48
	','  reduce 48
	';'  reduce 48
	')'  reduce 48
	'['  reduce 48
	']'  reduce 48


state 201
	Call : Receiver IDENTIFIER '(' Actuals . ')'  (50)

	')'  shift 219
	.  error


state 202
	Actuals : ExprList .  (100)
	ExprList : ExprList . ',' Expr  (102)

	','  shift 188
	')'  reduce 100


state 203
	WhileStmt : WHILE '(' Expr ')' Stmt .  (104)

	.  reduce 104


state 204
	Receiver : Expr . '.'  (45)
	LValue : Expr . '[' Expr ']'  (48)
	Expr : Expr . '[' Expr ']' DEFAULT Expr  (56)
	Expr : Expr . '[' Expr ':' Expr ']'  (57)
	Expr : Expr . ARRAY_CONCAT Expr  (58)
	Expr : Expr . '+' Expr  (59)
	Expr : Expr . '-' Expr  (60)
	Expr : Expr . '*' Expr  (61)
	Expr : Expr . '/' Expr  (62)
	Expr : Expr . '%' Expr  (63)
	Expr : Expr . ARRAY_REPEAT Expr  (64)
	Expr : Expr . EQUAL Expr  (65)
	Expr : Expr . NOT_EQUAL Expr  (66)
	Expr : Expr . '<' Expr  (67)
	Expr : Expr . '>' Expr  (68)
	Expr : Expr . LESS_EQUAL Expr  (69)
	Expr : Expr . GREATER_EQUAL Expr  (70)
	Expr : Expr . AND Expr  (71)
	Expr : Expr . OR Expr  (72)
	ForStmt : FOR '(' SimpleStmt ';' Expr . ';' SimpleStmt ')' Stmt  (105)

	AND  shift 118
	OR  shift 119
	ARRAY_CONCAT  shift 120
	ARRAY_REPEAT  shift 121
	LESS_EQUAL  shift 122
	GREATER_EQUAL  shift 123
	EQUAL  shift 124
	NOT_EQUAL  shift 125
	'+'  shift 126
	'-'  shift 127
	'*'  shift 128
	'/'  shift 129
	'%'  shift 130
	'>'  shift 131
	'<'  shift 132
	'.'  shift 133
	';'  shift 220
	'['  shift 134
	.  error


state 205
	IfStmt : IF '(' Expr ')' Stmt . ElseClause  (107)
	ElseClause : .  (109)

	ELSE  shift 221
	VOID  reduce 109
	BOOL  reduce 109
	INT  reduce 109
	STRING  reduce 109
	CLASS  reduce 109
	NULL  reduce 109
	THIS  reduce 109
	WHILE  reduce 109
	FOR  reduce 109
	IF  reduce 109
	RETURN  reduce 109
	BREAK  reduce 109
	NEW  reduce 109
	PRINT  reduce 109
	READ_INTEGER  reduce 109
	READ_LINE  reduce 109
	LITERAL  reduce 109
	IDENTIFIER  reduce 109
	INSTANCEOF  reduce 109
	SCOPY  reduce 109
	VAR  reduce 109
	FOREACH  reduce 109
	GUARD  reduce 109
	'-'  reduce 109
	';'  reduce 109
	'!'  reduce 109
	'('  reduce 109
	'['  reduce 109
	'{'  reduce 109
	'}'  reduce 109

	ElseClause  goto 222


state 206
	IfSubStmt : Expr ':' . Stmt  (94)
	SimpleStmt : .  (44)
	Receiver : .  (46)

	VOID  shift 18
	BOOL  shift 19
	INT  shift 20
	STRING  shift 21
	CLASS  shift 22
	NULL  shift 54
	THIS  shift 55
	WHILE  shift 56
	FOR  shift 57
	IF  shift 58
	RETURN  shift 59
	BREAK  shift 60
	NEW  shift 61
	PRINT  shift 62
	READ_INTEGER  shift 63
	READ_LINE  shift 64
	LITERAL  shift 65
	INSTANCEOF  shift 66
	SCOPY  shift 67
	VAR  shift 68
	FOREACH  shift 69
	'-'  shift 70
	'!'  shift 71
	'('  shift 72
	'['  shift 73
	'{'  shift 49
	IDENTIFIER  reduce 46
	';'  reduce 44

	VariableDef  goto 75
	Variable  goto 26
	Type  goto 41
	StmtBlock  goto 76
	Stmt  goto 223
	OCStmt  goto 78
	Expr  goto 79
	ForeachStmt  goto 80
	SimpleStmt  goto 81
	IfStmt  goto 82
	WhileStmt  goto 83
	ForStmt  goto 84
	ReturnStmt  goto 85
	PrintStmt  goto 86
	BreakStmt  goto 87
	GuardedStmt  goto 88
	LValue  goto 89
	Call  goto 90
	Receiver  goto 91
	Constant  goto 92
	ArrayConstant  goto 93


state 207
	IfBranch : IfBranch IfSubStmt GUARD .  (92)

	.  reduce 92


state 208
	GuardedStmt : IF '{' IfBranch IfSubStmt '}' .  (90)

	.  reduce 90


state 209
	Expr : NEW Type '[' Expr ']' .  (80)

	.  reduce 80


state 210
	Receiver : Expr . '.'  (45)
	LValue : Expr . '[' Expr ']'  (48)
	Expr : Expr . '[' Expr ']' DEFAULT Expr  (56)
	Expr : Expr . '[' Expr ':' Expr ']'  (57)
	Expr : Expr . ARRAY_CONCAT Expr  (58)
	Expr : Expr . '+' Expr  (59)
	Expr : Expr . '-' Expr  (60)
	Expr : Expr . '*' Expr  (61)
	Expr : Expr . '/' Expr  (62)
	Expr : Expr . '%' Expr  (63)
	Expr : Expr . ARRAY_REPEAT Expr  (64)
	Expr : Expr . EQUAL Expr  (65)
	Expr : Expr . NOT_EQUAL Expr  (66)
	Expr : Expr . '<' Expr  (67)
	Expr : Expr . '>' Expr  (68)
	Expr : Expr . LESS_EQUAL Expr  (69)
	Expr : Expr . GREATER_EQUAL Expr  (70)
	Expr : Expr . AND Expr  (71)
	Expr : Expr . OR Expr  (72)
	ExprList : ExprList ',' Expr .  (102)

	AND  shift 118
	OR  shift 119
	ARRAY_CONCAT  shift 120
	ARRAY_REPEAT  shift 121
	LESS_EQUAL  shift 122
	GREATER_EQUAL  shift 123
	EQUAL  shift 124
	NOT_EQUAL  shift 125
	'+'  shift 126
	'-'  shift 127
	'*'  shift 128
	'/'  shift 129
	'%'  shift 130
	'>'  shift 131
	'<'  shift 132
	'.'  shift 133
	'['  shift 134
	','  reduce 102
	')'  reduce 102


state 211
	Expr : INSTANCEOF '(' Expr ',' IDENTIFIER . ')'  (81)

	')'  shift 224
	.  error


state 212
	OCStmt : SCOPY '(' IDENTIFIER ',' Expr . ')'  (29)
	Receiver : Expr . '.'  (45)
	LValue : Expr . '[' Expr ']'  (48)
	Expr : Expr . '[' Expr ']' DEFAULT Expr  (56)
	Expr : Expr . '[' Expr ':' Expr ']'  (57)
	Expr : Expr . ARRAY_CONCAT Expr  (58)
	Expr : Expr . '+' Expr  (59)
	Expr : Expr . '-' Expr  (60)
	Expr : Expr . '*' Expr  (61)
	Expr : Expr . '/' Expr  (62)
	Expr : Expr . '%' Expr  (63)
	Expr : Expr . ARRAY_REPEAT Expr  (64)
	Expr : Expr . EQUAL Expr  (65)
	Expr : Expr . NOT_EQUAL Expr  (66)
	Expr : Expr . '<' Expr  (67)
	Expr : Expr . '>' Expr  (68)
	Expr : Expr . LESS_EQUAL Expr  (69)
	Expr : Expr . GREATER_EQUAL Expr  (70)
	Expr : Expr . AND Expr  (71)
	Expr : Expr . OR Expr  (72)

	AND  shift 118
	OR  shift 119
	ARRAY_CONCAT  shift 120
	ARRAY_REPEAT  shift 121
	LESS_EQUAL  shift 122
	GREATER_EQUAL  shift 123
	EQUAL  shift 124
	NOT_EQUAL  shift 125
	'+'  shift 126
	'-'  shift 127
	'*'  shift 128
	'/'  shift 129
	'%'  shift 130
	'>'  shift 131
	'<'  shift 132
	'.'  shift 133
	')'  shift 225
	'['  shift 134
	.  error


state 213
	Receiver : Expr . '.'  (45)
	LValue : Expr . '[' Expr ']'  (48)
	Expr : Expr . '[' Expr ']' DEFAULT Expr  (56)
	Expr : Expr . '[' Expr ':' Expr ']'  (57)
	Expr : Expr . ARRAY_CONCAT Expr  (58)
	Expr : Expr . '+' Expr  (59)
	Expr : Expr . '-' Expr  (60)
	Expr : Expr . '*' Expr  (61)
	Expr : Expr . '/' Expr  (62)
	Expr : Expr . '%' Expr  (63)
	Expr : Expr . ARRAY_REPEAT Expr  (64)
	Expr : Expr . EQUAL Expr  (65)
	Expr : Expr . NOT_EQUAL Expr  (66)
	Expr : Expr . '<' Expr  (67)
	Expr : Expr . '>' Expr  (68)
	Expr : Expr . LESS_EQUAL Expr  (69)
	Expr : Expr . GREATER_EQUAL Expr  (70)
	Expr : Expr . AND Expr  (71)
	Expr : Expr . OR Expr  (72)
	ForeachStmt : FOREACH '(' BoundVariable IN Expr . ')' Stmt  (95)
	ForeachStmt : FOREACH '(' BoundVariable IN Expr . WHILE Expr ')' Stmt  (96)

	WHILE  shift 226
	AND  shift 118
	OR  shift 119
	ARRAY_CONCAT  shift 120
	ARRAY_REPEAT  shift 121
	LESS_EQUAL  shift 122
	GREATER_EQUAL  shift 123
	EQUAL  shift 124
	NOT_EQUAL  shift 125
	'+'  shift 126
	'-'  shift 127
	'*'  shift 128
	'/'  shift 129
	'%'  shift 130
	'>'  shift 131
	'<'  shift 132
	'.'  shift 133
	')'  shift 227
	'['  shift 134
	.  error


state 214
	Receiver : Expr . '.'  (45)
	LValue : Expr . '[' Expr ']'  (48)
	Expr : Expr . '[' Expr ']' DEFAULT Expr  (56)
	Expr : Expr . '[' Expr ':' Expr ']'  (57)
	Expr : Expr . ARRAY_CONCAT Expr  (58)
	Expr : Expr . '+' Expr  (59)
	Expr : Expr . '-' Expr  (60)
	Expr : Expr . '*' Expr  (61)
	Expr : Expr . '/' Expr  (62)
	Expr : Expr . '%' Expr  (63)
	Expr : Expr . ARRAY_REPEAT Expr  (64)
	Expr : Expr . EQUAL Expr  (65)
	Expr : Expr . NOT_EQUAL Expr  (66)
	Expr : Expr . '<' Expr  (67)
	Expr : Expr . '>' Expr  (68)
	Expr : Expr . LESS_EQUAL Expr  (69)
	Expr : Expr . GREATER_EQUAL Expr  (70)
	Expr : Expr . AND Expr  (71)
	Expr : Expr . OR Expr  (72)
	Expr : '(' CLASS IDENTIFIER ')' Expr .  (82)

	.  reduce 82


state 215
	Expr : '[' Expr FOR IDENTIFIER IN . Expr ']'  (54)
	Expr : '[' Expr FOR IDENTIFIER IN . Expr IF Expr ']'  (55)
	Receiver : .  (46)

	NULL  shift 54
	THIS  shift 55
	NEW  shift 61
	READ_INTEGER  shift 63
	READ_LINE  shift 64
	LITERAL  shift 65
	INSTANCEOF  shift 66
	VAR  shift 68
	'-'  shift 70
	'!'  shift 71
	'('  shift 72
	'['  shift 73
	IDENTIFIER  reduce 46

	Expr  goto 228
	LValue  goto 99
	Call  goto 100
	Receiver  goto 91
	Constant  goto 92
	ArrayConstant  goto 93


state 216
	ConstantList : Constant .  (87)

	.  reduce 87


state 217
	Receiver : Expr . '.'  (45)
	LValue : Expr . '[' Expr ']'  (48)
	Expr : Expr . '[' Expr ']' DEFAULT Expr  (56)
	Expr : Expr . '[' Expr ':' Expr ']'  (57)
	Expr : Expr '[' Expr ':' Expr . ']'  (57)
	Expr : Expr . ARRAY_CONCAT Expr  (58)
	Expr : Expr . '+' Expr  (59)
	Expr : Expr . '-' Expr  (60)
	Expr : Expr . '*' Expr  (61)
	Expr : Expr . '/' Expr  (62)
	Expr : Expr . '%' Expr  (63)
	Expr : Expr . ARRAY_REPEAT Expr  (64)
	Expr : Expr . EQUAL Expr  (65)
	Expr : Expr . NOT_EQUAL Expr  (66)
	Expr : Expr . '<' Expr  (67)
	Expr : Expr . '>' Expr  (68)
	Expr : Expr . LESS_EQUAL Expr  (69)
	Expr : Expr . GREATER_EQUAL Expr  (70)
	Expr : Expr . AND Expr  (71)
	Expr : Expr . OR Expr  (72)

	AND  shift 118
	OR  shift 119
	ARRAY_CONCAT  shift 120
	ARRAY_REPEAT  shift 121
	LESS_EQUAL  shift 122
	GREATER_EQUAL  shift 123
	EQUAL  shift 124
	NOT_EQUAL  shift 125
	'+'  shift 126
	'-'  shift 127
	'*'  shift 128
	'/'  shift 129
	'%'  shift 130
	'>'  shift 131
	'<'  shift 132
	'.'  shift 133
	'['  shift 134
	']'  shift 229
	.  error


state 218
	Expr : Expr '[' Expr ']' DEFAULT . Expr  (56)
	Receiver : .  (46)

	NULL  shift 54
	THIS  shift 55
	NEW  shift 61
	READ_INTEGER  shift 63
	READ_LINE  shift 64
	LITERAL  shift 65
	INSTANCEOF  shift 66
	VAR  shift 68
	'-'  shift 70
	'!'  shift 71
	'('  shift 72
	'['  shift 73
	IDENTIFIER  reduce 46

	Expr  goto 230
	LValue  goto 99
	Call  goto 100
	Receiver  goto 91
	Constant  goto 92
	ArrayConstant  goto 93


state 219
	Call : Receiver IDENTIFIER '(' Actuals ')' .  (50)

	.  reduce 50


state 220
	ForStmt : FOR '(' SimpleStmt ';' Expr ';' . SimpleStmt ')' Stmt  (105)
	SimpleStmt : .  (44)
	Receiver : .  (46)

	NULL  shift 54
	THIS  shift 55
	NEW  shift 61
	READ_INTEGER  shift 63
	READ_LINE  shift 64
	LITERAL  shift 65
	INSTANCEOF  shift 66
	VAR  shift 68
	'-'  shift 70
	'!'  shift 71
	'('  shift 72
	'['  shift 73
	IDENTIFIER  reduce 46
	')'  reduce 44

	Expr  goto 79
	SimpleStmt  goto 231
	LValue  goto 89
	Call  goto 90
	Receiver  goto 91
	Constant  goto 92
	ArrayConstant  goto 93


state 221
	ElseClause : ELSE . Stmt  (108)
	SimpleStmt : .  (44)
	Receiver : .  (46)

	VOID  shift 18
	BOOL  shift 19
	INT  shift 20
	STRING  shift 21
	CLASS  shift 22
	NULL  shift 54
	THIS  shift 55
	WHILE  shift 56
	FOR  shift 57
	IF  shift 58
	RETURN  shift 59
	BREAK  shift 60
	NEW  shift 61
	PRINT  shift 62
	READ_INTEGER  shift 63
	READ_LINE  shift 64
	LITERAL  shift 65
	INSTANCEOF  shift 66
	SCOPY  shift 67
	VAR  shift 68
	FOREACH  shift 69
	'-'  shift 70
	'!'  shift 71
	'('  shift 72
	'['  shift 73
	'{'  shift 49
	IDENTIFIER  reduce 46
	';'  reduce 44

	VariableDef  goto 75
	Variable  goto 26
	Type  goto 41
	StmtBlock  goto 76
	Stmt  goto 232
	OCStmt  goto 78
	Expr  goto 79
	ForeachStmt  goto 80
	SimpleStmt  goto 81
	IfStmt  goto 82
	WhileStmt  goto 83
	ForStmt  goto 84
	ReturnStmt  goto 85
	PrintStmt  goto 86
	BreakStmt  goto 87
	GuardedStmt  goto 88
	LValue  goto 89
	Call  goto 90
	Receiver  goto 91
	Constant  goto 92
	ArrayConstant  goto 93


state 222
	IfStmt : IF '(' Expr ')' Stmt ElseClause .  (107)

	.  reduce 107


state 223
	IfSubStmt : Expr ':' Stmt .  (94)

	.  reduce 94


state 224
	Expr : INSTANCEOF '(' Expr ',' IDENTIFIER ')' .  (81)

	.  reduce 81


state 225
	OCStmt : SCOPY '(' IDENTIFIER ',' Expr ')' .  (29)

	.  reduce 29


state 226
	ForeachStmt : FOREACH '(' BoundVariable IN Expr WHILE . Expr ')' Stmt  (96)
	Receiver : .  (46)

	NULL  shift 54
	THIS  shift 55
	NEW  shift 61
	READ_INTEGER  shift 63
	READ_LINE  shift 64
	LITERAL  shift 65
	INSTANCEOF  shift 66
	VAR  shift 68
	'-'  shift 70
	'!'  shift 71
	'('  shift 72
	'['  shift 73
	IDENTIFIER  reduce 46

	Expr  goto 233
	LValue  goto 99
	Call  goto 100
	Receiver  goto 91
	Constant  goto 92
	ArrayConstant  goto 93


state 227
	ForeachStmt : FOREACH '(' BoundVariable IN Expr ')' . Stmt  (95)
	SimpleStmt : .  (44)
	Receiver : .  (46)

	VOID  shift 18
	BOOL  shift 19
	INT  shift 20
	STRING  shift 21
	CLASS  shift 22
	NULL  shift 54
	THIS  shift 55
	WHILE  shift 56
	FOR  shift 57
	IF  shift 58
	RETURN  shift 59
	BREAK  shift 60
	NEW  shift 61
	PRINT  shift 62
	READ_INTEGER  shift 63
	READ_LINE  shift 64
	LITERAL  shift 65
	INSTANCEOF  shift 66
	SCOPY  shift 67
	VAR  shift 68
	FOREACH  shift 69
	'-'  shift 70
	'!'  shift 71
	'('  shift 72
	'['  shift 73
	'{'  shift 49
	IDENTIFIER  reduce 46
	';'  reduce 44

	VariableDef  goto 75
	Variable  goto 26
	Type  goto 41
	StmtBlock  goto 76
	Stmt  goto 234
	OCStmt  goto 78
	Expr  goto 79
	ForeachStmt  goto 80
	SimpleStmt  goto 81
	IfStmt  goto 82
	WhileStmt  goto 83
	ForStmt  goto 84
	ReturnStmt  goto 85
	PrintStmt  goto 86
	BreakStmt  goto 87
	GuardedStmt  goto 88
	LValue  goto 89
	Call  goto 90
	Receiver  goto 91
	Constant  goto 92
	ArrayConstant  goto 93


state 228
	Receiver : Expr . '.'  (45)
	LValue : Expr . '[' Expr ']'  (48)
	Expr : '[' Expr FOR IDENTIFIER IN Expr . ']'  (54)
	Expr : '[' Expr FOR IDENTIFIER IN Expr . IF Expr ']'  (55)
	Expr : Expr . '[' Expr ']' DEFAULT Expr  (56)
	Expr : Expr . '[' Expr ':' Expr ']'  (57)
	Expr : Expr . ARRAY_CONCAT Expr  (58)
	Expr : Expr . '+' Expr  (59)
	Expr : Expr . '-' Expr  (60)
	Expr : Expr . '*' Expr  (61)
	Expr : Expr . '/' Expr  (62)
	Expr : Expr . '%' Expr  (63)
	Expr : Expr . ARRAY_REPEAT Expr  (64)
	Expr : Expr . EQUAL Expr  (65)
	Expr : Expr . NOT_EQUAL Expr  (66)
	Expr : Expr . '<' Expr  (67)
	Expr : Expr . '>' Expr  (68)
	Expr : Expr . LESS_EQUAL Expr  (69)
	Expr : Expr . GREATER_EQUAL Expr  (70)
	Expr : Expr . AND Expr  (71)
	Expr : Expr . OR Expr  (72)

	IF  shift 235
	AND  shift 118
	OR  shift 119
	ARRAY_CONCAT  shift 120
	ARRAY_REPEAT  shift 121
	LESS_EQUAL  shift 122
	GREATER_EQUAL  shift 123
	EQUAL  shift 124
	NOT_EQUAL  shift 125
	'+'  shift 126
	'-'  shift 127
	'*'  shift 128
	'/'  shift 129
	'%'  shift 130
	'>'  shift 131
	'<'  shift 132
	'.'  shift 133
	'['  shift 134
	']'  shift 236
	.  error


state 229
	Expr : Expr '[' Expr ':' Expr ']' .  (57)

	.  reduce 57


state 230
	Receiver : Expr . '.'  (45)
	LValue : Expr . '[' Expr ']'  (48)
	Expr : Expr . '[' Expr ']' DEFAULT Expr  (56)
	Expr : Expr '[' Expr ']' DEFAULT Expr .  (56)
	Expr : Expr . '[' Expr ':' Expr ']'  (57)
	Expr : Expr . ARRAY_CONCAT Expr  (58)
	Expr : Expr . '+' Expr  (59)
	Expr : Expr . '-' Expr  (60)
	Expr : Expr . '*' Expr  (61)
	Expr : Expr . '/' Expr  (62)
	Expr : Expr . '%' Expr  (63)
	Expr : Expr . ARRAY_REPEAT Expr  (64)
	Expr : Expr . EQUAL Expr  (65)
	Expr : Expr . NOT_EQUAL Expr  (66)
	Expr : Expr . '<' Expr  (67)
	Expr : Expr . '>' Expr  (68)
	Expr : Expr . LESS_EQUAL Expr  (69)
	Expr : Expr . GREATER_EQUAL Expr  (70)
	Expr : Expr . AND Expr  (71)
	Expr : Expr . OR Expr  (72)

	.  reduce 56


state 231
	ForStmt : FOR '(' SimpleStmt ';' Expr ';' SimpleStmt . ')' Stmt  (105)

	')'  shift 237
	.  error


state 232
	ElseClause : ELSE Stmt .  (108)

	.  reduce 108


state 233
	Receiver : Expr . '.'  (45)
	LValue : Expr . '[' Expr ']'  (48)
	Expr : Expr . '[' Expr ']' DEFAULT Expr  (56)
	Expr : Expr . '[' Expr ':' Expr ']'  (57)
	Expr : Expr . ARRAY_CONCAT Expr  (58)
	Expr : Expr . '+' Expr  (59)
	Expr : Expr . '-' Expr  (60)
	Expr : Expr . '*' Expr  (61)
	Expr : Expr . '/' Expr  (62)
	Expr : Expr . '%' Expr  (63)
	Expr : Expr . ARRAY_REPEAT Expr  (64)
	Expr : Expr . EQUAL Expr  (65)
	Expr : Expr . NOT_EQUAL Expr  (66)
	Expr : Expr . '<' Expr  (67)
	Expr : Expr . '>' Expr  (68)
	Expr : Expr . LESS_EQUAL Expr  (69)
	Expr : Expr . GREATER_EQUAL Expr  (70)
	Expr : Expr . AND Expr  (71)
	Expr : Expr . OR Expr  (72)
	ForeachStmt : FOREACH '(' BoundVariable IN Expr WHILE Expr . ')' Stmt  (96)

	AND  shift 118
	OR  shift 119
	ARRAY_CONCAT  shift 120
	ARRAY_REPEAT  shift 121
	LESS_EQUAL  shift 122
	GREATER_EQUAL  shift 123
	EQUAL  shift 124
	NOT_EQUAL  shift 125
	'+'  shift 126
	'-'  shift 127
	'*'  shift 128
	'/'  shift 129
	'%'  shift 130
	'>'  shift 131
	'<'  shift 132
	'.'  shift 133
	')'  shift 238
	'['  shift 134
	.  error


state 234
	ForeachStmt : FOREACH '(' BoundVariable IN Expr ')' Stmt .  (95)

	.  reduce 95


state 235
	Expr : '[' Expr FOR IDENTIFIER IN Expr IF . Expr ']'  (55)
	Receiver : .  (46)

	NULL  shift 54
	THIS  shift 55
	NEW  shift 61
	READ_INTEGER  shift 63
	READ_LINE  shift 64
	LITERAL  shift 65
	INSTANCEOF  shift 66
	VAR  shift 68
	'-'  shift 70
	'!'  shift 71
	'('  shift 72
	'['  shift 73
	IDENTIFIER  reduce 46

	Expr  goto 239
	LValue  goto 99
	Call  goto 100
	Receiver  goto 91
	Constant  goto 92
	ArrayConstant  goto 93


state 236
	Expr : '[' Expr FOR IDENTIFIER IN Expr ']' .  (54)

	.  reduce 54


state 237
	ForStmt : FOR '(' SimpleStmt ';' Expr ';' SimpleStmt ')' . Stmt  (105)
	SimpleStmt : .  (44)
	Receiver : .  (46)

	VOID  shift 18
	BOOL  shift 19
	INT  shift 20
	STRING  shift 21
	CLASS  shift 22
	NULL  shift 54
	THIS  shift 55
	WHILE  shift 56
	FOR  shift 57
	IF  shift 58
	RETURN  shift 59
	BREAK  shift 60
	NEW  shift 61
	PRINT  shift 62
	READ_INTEGER  shift 63
	READ_LINE  shift 64
	LITERAL  shift 65
	INSTANCEOF  shift 66
	SCOPY  shift 67
	VAR  shift 68
	FOREACH  shift 69
	'-'  shift 70
	'!'  shift 71
	'('  shift 72
	'['  shift 73
	'{'  shift 49
	IDENTIFIER  reduce 46
	';'  reduce 44

	VariableDef  goto 75
	Variable  goto 26
	Type  goto 41
	StmtBlock  goto 76
	Stmt  goto 240
	OCStmt  goto 78
	Expr  goto 79
	ForeachStmt  goto 80
	SimpleStmt  goto 81
	IfStmt  goto 82
	WhileStmt  goto 83
	ForStmt  goto 84
	ReturnStmt  goto 85
	PrintStmt  goto 86
	BreakStmt  goto 87
	GuardedStmt  goto 88
	LValue  goto 89
	Call  goto 90
	Receiver  goto 91
	Constant  goto 92
	ArrayConstant  goto 93


state 238
	ForeachStmt : FOREACH '(' BoundVariable IN Expr WHILE Expr ')' . Stmt  (96)
	SimpleStmt : .  (44)
	Receiver : .  (46)

	VOID  shift 18
	BOOL  shift 19
	INT  shift 20
	STRING  shift 21
	CLASS  shift 22
	NULL  shift 54
	THIS  shift 55
	WHILE  shift 56
	FOR  shift 57
	IF  shift 58
	RETURN  shift 59
	BREAK  shift 60
	NEW  shift 61
	PRINT  shift 62
	READ_INTEGER  shift 63
	READ_LINE  shift 64
	LITERAL  shift 65
	INSTANCEOF  shift 66
	SCOPY  shift 67
	VAR  shift 68
	FOREACH  shift 69
	'-'  shift 70
	'!'  shift 71
	'('  shift 72
	'['  shift 73
	'{'  shift 49
	IDENTIFIER  reduce 46
	';'  reduce 44

	VariableDef  goto 75
	Variable  goto 26
	Type  goto 41
	StmtBlock  goto 76
	Stmt  goto 241
	OCStmt  goto 78
	Expr  goto 79
	ForeachStmt  goto 80
	SimpleStmt  goto 81
	IfStmt  goto 82
	WhileStmt  goto 83
	ForStmt  goto 84
	ReturnStmt  goto 85
	PrintStmt  goto 86
	BreakStmt  goto 87
	GuardedStmt  goto 88
	LValue  goto 89
	Call  goto 90
	Receiver  goto 91
	Constant  goto 92
	ArrayConstant  goto 93


state 239
	Receiver : Expr . '.'  (45)
	LValue : Expr . '[' Expr ']'  (48)
	Expr : '[' Expr FOR IDENTIFIER IN Expr IF Expr . ']'  (55)
	Expr : Expr . '[' Expr ']' DEFAULT Expr  (56)
	Expr : Expr . '[' Expr ':' Expr ']'  (57)
	Expr : Expr . ARRAY_CONCAT Expr  (58)
	Expr : Expr . '+' Expr  (59)
	Expr : Expr . '-' Expr  (60)
	Expr : Expr . '*' Expr  (61)
	Expr : Expr . '/' Expr  (62)
	Expr : Expr . '%' Expr  (63)
	Expr : Expr . ARRAY_REPEAT Expr  (64)
	Expr : Expr . EQUAL Expr  (65)
	Expr : Expr . NOT_EQUAL Expr  (66)
	Expr : Expr . '<' Expr  (67)
	Expr : Expr . '>' Expr  (68)
	Expr : Expr . LESS_EQUAL Expr  (69)
	Expr : Expr . GREATER_EQUAL Expr  (70)
	Expr : Expr . AND Expr  (71)
	Expr : Expr . OR Expr  (72)

	AND  shift 118
	OR  shift 119
	ARRAY_CONCAT  shift 120
	ARRAY_REPEAT  shift 121
	LESS_EQUAL  shift 122
	GREATER_EQUAL  shift 123
	EQUAL  shift 124
	NOT_EQUAL  shift 125
	'+'  shift 126
	'-'  shift 127
	'*'  shift 128
	'/'  shift 129
	'%'  shift 130
	'>'  shift 131
	'<'  shift 132
	'.'  shift 133
	'['  shift 134
	']'  shift 242
	.  error


state 240
	ForStmt : FOR '(' SimpleStmt ';' Expr ';' SimpleStmt ')' Stmt .  (105)

	.  reduce 105


state 241
	ForeachStmt : FOREACH '(' BoundVariable IN Expr WHILE Expr ')' Stmt .  (96)

	.  reduce 96


state 242
	Expr : '[' Expr FOR IDENTIFIER IN Expr IF Expr ']' .  (55)

	.  reduce 55


62 terminals, 40 nonterminals
113 grammar rules, 243 states
